[2019-09-11 15:01:58,333] {getpostpmmaster.py:32} INFO - succesfully fetched the paper machine master data
[2019-09-11 15:04:24,738] {getpostpmmaster.py:32} INFO - succesfully fetched the paper machine master data
[2019-09-11 15:04:25,710] {getpostpmmaster.py:32} INFO - succesfully fetched the paper machine master data
[2019-09-11 15:06:30,191] {getpostpmmaster.py:32} INFO - succesfully fetched the paper machine master data
[2019-09-11 15:07:51,962] {getpostpmmaster.py:32} INFO - succesfully fetched the paper machine master data
[2019-09-11 15:08:36,579] {getpostpmmaster.py:32} INFO - succesfully fetched the paper machine master data
[2019-09-11 15:08:36,692] {getpostpmmaster.py:32} INFO - succesfully fetched the paper machine master data
[2019-09-11 15:12:31,579] {getpostpmmaster.py:32} INFO - succesfully fetched the paper machine master data
[2019-09-11 15:12:32,826] {getpostpmmaster.py:32} INFO - succesfully fetched the paper machine master data
[2019-09-11 15:13:09,072] {getpostpmmaster.py:32} INFO - succesfully fetched the paper machine master data
[2019-09-11 15:13:36,568] {getpostpmmaster.py:32} INFO - succesfully fetched the paper machine master data
[2019-09-11 15:20:54,543] {getpostpmmaster.py:32} INFO - succesfully fetched the paper machine master data
[2019-09-11 15:20:54,570] {getpostpmmaster.py:32} INFO - succesfully fetched the paper machine master data
[2019-09-11 15:21:14,686] {getpostpmmaster.py:32} INFO - succesfully fetched the paper machine master data
[2019-09-11 15:22:11,256] {getpostpmmaster.py:32} INFO - succesfully fetched the paper machine master data
[2019-09-11 15:22:13,235] {getpostpmmaster.py:32} INFO - succesfully fetched the paper machine master data
[2019-09-11 15:29:23,215] {getpostpmmaster.py:32} INFO - succesfully fetched the paper machine master data
[2019-09-11 15:31:24,812] {getpostpmmaster.py:32} INFO - succesfully fetched the paper machine master data
[2019-09-11 15:31:58,639] {getpostpmmaster.py:32} INFO - succesfully fetched the paper machine master data
[2019-09-11 15:32:57,454] {getpostpmmaster.py:32} INFO - succesfully fetched the paper machine master data
[2019-09-11 15:33:39,538] {getpostpmmaster.py:32} INFO - succesfully fetched the paper machine master data
[2019-09-11 15:33:55,772] {getpostpmmaster.py:32} INFO - succesfully fetched the paper machine master data
[2019-09-11 15:35:55,152] {getpostpmmaster.py:32} INFO - succesfully fetched the paper machine master data
[2019-09-11 15:36:16,012] {getpostpmmaster.py:32} INFO - succesfully fetched the paper machine master data
[2019-09-11 15:36:37,081] {getpostpmmaster.py:32} INFO - succesfully fetched the paper machine master data
[2019-09-11 15:36:54,988] {getpostpmmaster.py:32} INFO - succesfully fetched the paper machine master data
[2019-09-11 15:41:08,057] {getpostpmmaster.py:32} INFO - succesfully fetched the paper machine master data
[2019-09-11 15:47:07,544] {getpostpmmaster.py:32} INFO - succesfully fetched the paper machine master data
[2019-09-11 15:47:45,352] {getpostpmmaster.py:32} INFO - succesfully fetched the paper machine master data
[2019-09-11 15:48:38,841] {getpostpmmaster.py:32} INFO - succesfully fetched the paper machine master data
[2019-09-11 15:54:05,395] {getpostpmmaster.py:32} INFO - succesfully fetched the paper machine master data
[2019-09-11 15:57:57,524] {getpostpmmaster.py:32} INFO - succesfully fetched the paper machine master data
[2019-09-11 15:58:28,832] {getpostpmmaster.py:32} INFO - succesfully fetched the paper machine master data
[2019-09-11 15:58:49,888] {getpostpmmaster.py:32} INFO - succesfully fetched the paper machine master data
[2019-09-11 15:59:25,638] {getpostpmmaster.py:32} INFO - succesfully fetched the paper machine master data
[2019-09-11 15:59:37,954] {getpostpmmaster.py:32} INFO - succesfully fetched the paper machine master data
[2019-09-11 16:00:14,522] {getpostpmmaster.py:32} INFO - succesfully fetched the paper machine master data
[2019-09-11 16:03:10,832] {getpostpmmaster.py:32} INFO - succesfully fetched the paper machine master data
[2019-09-11 16:07:03,477] {getpostpmmaster.py:32} INFO - succesfully fetched the paper machine master data
[2019-09-11 16:11:29,542] {getpostpmmaster.py:32} INFO - succesfully fetched the paper machine master data
[2019-09-11 16:12:25,857] {getpostpmmaster.py:32} INFO - succesfully fetched the paper machine master data
[2019-09-11 16:12:43,495] {getpostpmmaster.py:32} INFO - succesfully fetched the paper machine master data
[2019-09-11 16:13:20,308] {getpostpmmaster.py:32} INFO - succesfully fetched the paper machine master data
[2019-09-11 16:14:42,934] {getpostpmmaster.py:32} INFO - succesfully fetched the paper machine master data
[2019-09-11 16:15:11,500] {getpostpmmaster.py:32} INFO - succesfully fetched the paper machine master data
[2019-09-11 16:15:41,518] {getpostpmmaster.py:32} INFO - succesfully fetched the paper machine master data
[2019-09-11 16:16:22,432] {getpostpmmaster.py:32} INFO - succesfully fetched the paper machine master data
[2019-09-11 16:18:29,618] {getpostpmmaster.py:32} INFO - succesfully fetched the paper machine master data
[2019-09-11 16:18:58,919] {getpostpmmaster.py:32} INFO - succesfully fetched the paper machine master data
[2019-09-11 16:20:02,780] {getpostpmmaster.py:32} INFO - succesfully fetched the paper machine master data
[2019-09-11 16:20:50,280] {getpostpmmaster.py:32} INFO - succesfully fetched the paper machine master data
[2019-09-11 16:21:24,717] {getpostpmmaster.py:32} INFO - succesfully fetched the paper machine master data
[2019-09-11 16:21:48,915] {getpostpmmaster.py:32} INFO - succesfully fetched the paper machine master data
[2019-09-11 16:23:07,372] {getpostpmmaster.py:32} INFO - succesfully fetched the paper machine master data
[2019-09-11 16:23:42,514] {getpostpmmaster.py:32} INFO - succesfully fetched the paper machine master data
[2019-09-11 16:47:57,898] {getpostpmmaster.py:32} INFO - succesfully fetched the paper machine master data
[2019-09-11 16:49:44,188] {getpostpmmaster.py:32} INFO - succesfully fetched the paper machine master data
[2019-09-11 16:51:04,884] {getpostpmmaster.py:32} INFO - succesfully fetched the paper machine master data
[2019-09-11 16:52:27,517] {getpostpmmaster.py:32} INFO - succesfully fetched the paper machine master data
[2019-09-11 17:00:51,423] {getpostpmmaster.py:32} INFO - succesfully fetched the paper machine master data
[2019-09-11 17:04:54,762] {getpostpmmaster.py:32} INFO - succesfully fetched the paper machine master data
[2019-09-11 17:08:39,969] {getpostpmmaster.py:32} INFO - succesfully fetched the paper machine master data
[2019-09-11 17:11:12,558] {getpostpmmaster.py:32} INFO - succesfully fetched the paper machine master data
[2019-09-11 17:13:27,546] {getpostpmmaster.py:32} INFO - succesfully fetched the paper machine master data
[2019-09-11 17:15:22,555] {getpostpmmaster.py:32} INFO - succesfully fetched the paper machine master data
[2019-09-11 17:16:17,838] {getpostpmmaster.py:32} INFO - succesfully fetched the paper machine master data
[2019-09-11 17:16:35,262] {getpostpmmaster.py:32} INFO - succesfully fetched the paper machine master data
[2019-09-11 17:16:53,830] {getpostpmmaster.py:32} INFO - succesfully fetched the paper machine master data
[2019-09-11 17:17:11,473] {getpostpmmaster.py:32} INFO - succesfully fetched the paper machine master data
[2019-09-11 17:18:30,778] {getpostpmmaster.py:32} INFO - succesfully fetched the paper machine master data
[2019-09-11 17:18:56,174] {getpostpmmaster.py:32} INFO - succesfully fetched the paper machine master data
[2019-09-11 17:23:38,148] {getpostpmmaster.py:32} INFO - succesfully fetched the paper machine master data
[2019-09-11 17:30:20,390] {getpostpmmaster.py:32} INFO - succesfully fetched the paper machine master data
[2019-09-11 17:31:55,859] {getpostpmmaster.py:32} INFO - succesfully fetched the paper machine master data
[2019-09-11 17:32:07,141] {getpostpmmaster.py:32} INFO - succesfully fetched the paper machine master data
[2019-09-11 17:32:08,660] {getpostpmmaster.py:32} INFO - succesfully fetched the paper machine master data
[2019-09-11 17:35:22,813] {getpostpmmaster.py:32} INFO - succesfully fetched the paper machine master data
[2019-09-11 17:35:23,772] {getpostpmmaster.py:32} INFO - succesfully fetched the paper machine master data
[2019-09-11 17:37:16,046] {getpostpmmaster.py:32} INFO - succesfully fetched the paper machine master data
[2019-09-11 17:37:16,668] {getpostpmmaster.py:32} INFO - succesfully fetched the paper machine master data
[2019-09-11 17:37:33,496] {getpostpmmaster.py:32} INFO - succesfully fetched the paper machine master data
[2019-09-11 17:37:33,726] {getpostpmmaster.py:32} INFO - succesfully fetched the paper machine master data
[2019-09-11 17:39:04,995] {getpostpmmaster.py:32} INFO - succesfully fetched the paper machine master data
[2019-09-11 17:39:05,689] {getpostpmmaster.py:32} INFO - succesfully fetched the paper machine master data
[2019-09-11 17:47:34,475] {getpostpmmaster.py:32} INFO - succesfully fetched the paper machine master data
[2019-09-11 17:47:36,917] {getpostpmmaster.py:32} INFO - succesfully fetched the paper machine master data
[2019-09-11 17:55:56,604] {getpostpmmaster.py:32} INFO - succesfully fetched the paper machine master data
[2019-09-11 17:57:11,479] {getpostpmmaster.py:32} INFO - succesfully fetched the paper machine master data
[2019-09-11 18:07:18,760] {getpostpmmaster.py:32} INFO - succesfully fetched the paper machine master data
[2019-09-11 18:07:19,158] {getpostpmmaster.py:32} INFO - succesfully fetched the paper machine master data
[2019-09-11 18:11:38,639] {getpostpmmaster.py:41} ERROR - Exception occured
Traceback (most recent call last):
  File "/home/ganesh/my_projects/itc_venv/lib/python3.7/site-packages/sqlalchemy/engine/base.py", line 1249, in _execute_context
    cursor, statement, parameters, context
  File "/home/ganesh/my_projects/itc_venv/lib/python3.7/site-packages/sqlalchemy/engine/default.py", line 552, in do_execute
    cursor.execute(statement, parameters)
  File "/home/ganesh/my_projects/itc_venv/lib/python3.7/site-packages/MySQLdb/cursors.py", line 209, in execute
    res = self._query(query)
  File "/home/ganesh/my_projects/itc_venv/lib/python3.7/site-packages/MySQLdb/cursors.py", line 315, in _query
    db.query(q)
  File "/home/ganesh/my_projects/itc_venv/lib/python3.7/site-packages/MySQLdb/connections.py", line 226, in query
    _mysql.connection.query(self, query)
MySQLdb._exceptions.OperationalError: (1054, "Unknown column 'nsr_table_information.Qty_Apr' in 'field list'")

The above exception was the direct cause of the following exception:

Traceback (most recent call last):
  File "/home/ganesh/my_projects/itc_poc_server/controllers/pmmaster/getpostpmmaster.py", line 31, in get
    data = schema.dump(paper_machine)
  File "/home/ganesh/my_projects/itc_venv/lib/python3.7/site-packages/marshmallow/schema.py", line 539, in dump
    result = self._serialize(processed_obj, many=many)
  File "/home/ganesh/my_projects/itc_venv/lib/python3.7/site-packages/marshmallow/schema.py", line 500, in _serialize
    return [self._serialize(d, many=False) for d in obj]
  File "/home/ganesh/my_projects/itc_venv/lib/python3.7/site-packages/marshmallow/schema.py", line 500, in <listcomp>
    return [self._serialize(d, many=False) for d in obj]
  File "/home/ganesh/my_projects/itc_venv/lib/python3.7/site-packages/marshmallow/schema.py", line 503, in _serialize
    value = field_obj.serialize(attr_name, obj, accessor=self.get_attribute)
  File "/home/ganesh/my_projects/itc_venv/lib/python3.7/site-packages/marshmallow/fields.py", line 301, in serialize
    value = self.get_value(obj, attr, accessor=accessor)
  File "/home/ganesh/my_projects/itc_venv/lib/python3.7/site-packages/marshmallow_sqlalchemy/fields.py", line 26, in get_value
    return super(fields.List, self).get_value(obj, attr, accessor=accessor)
  File "/home/ganesh/my_projects/itc_venv/lib/python3.7/site-packages/marshmallow/fields.py", line 229, in get_value
    return accessor_func(obj, check_key, default)
  File "/home/ganesh/my_projects/itc_venv/lib/python3.7/site-packages/marshmallow/schema.py", line 465, in get_attribute
    return get_value(obj, attr, default)
  File "/home/ganesh/my_projects/itc_venv/lib/python3.7/site-packages/marshmallow/utils.py", line 227, in get_value
    return _get_value_for_key(obj, key, default)
  File "/home/ganesh/my_projects/itc_venv/lib/python3.7/site-packages/marshmallow/utils.py", line 241, in _get_value_for_key
    return getattr(obj, key, default)
  File "/home/ganesh/my_projects/itc_venv/lib/python3.7/site-packages/sqlalchemy/orm/attributes.py", line 282, in __get__
    return self.impl.get(instance_state(instance), dict_)
  File "/home/ganesh/my_projects/itc_venv/lib/python3.7/site-packages/sqlalchemy/orm/attributes.py", line 710, in get
    value = self.callable_(state, passive)
  File "/home/ganesh/my_projects/itc_venv/lib/python3.7/site-packages/sqlalchemy/orm/strategies.py", line 725, in _load_for_state
    session, state, primary_key_identity, passive
  File "<string>", line 1, in <lambda>
  File "/home/ganesh/my_projects/itc_venv/lib/python3.7/site-packages/sqlalchemy/orm/strategies.py", line 867, in _emit_lazyload
    .with_post_criteria(set_default_params)
  File "/home/ganesh/my_projects/itc_venv/lib/python3.7/site-packages/sqlalchemy/ext/baked.py", line 531, in all
    return list(self)
  File "/home/ganesh/my_projects/itc_venv/lib/python3.7/site-packages/sqlalchemy/ext/baked.py", line 434, in __iter__
    return q._execute_and_instances(context)
  File "/home/ganesh/my_projects/itc_venv/lib/python3.7/site-packages/sqlalchemy/orm/query.py", line 3359, in _execute_and_instances
    result = conn.execute(querycontext.statement, self._params)
  File "/home/ganesh/my_projects/itc_venv/lib/python3.7/site-packages/sqlalchemy/engine/base.py", line 988, in execute
    return meth(self, multiparams, params)
  File "/home/ganesh/my_projects/itc_venv/lib/python3.7/site-packages/sqlalchemy/sql/elements.py", line 287, in _execute_on_connection
    return connection._execute_clauseelement(self, multiparams, params)
  File "/home/ganesh/my_projects/itc_venv/lib/python3.7/site-packages/sqlalchemy/engine/base.py", line 1107, in _execute_clauseelement
    distilled_params,
  File "/home/ganesh/my_projects/itc_venv/lib/python3.7/site-packages/sqlalchemy/engine/base.py", line 1253, in _execute_context
    e, statement, parameters, cursor, context
  File "/home/ganesh/my_projects/itc_venv/lib/python3.7/site-packages/sqlalchemy/engine/base.py", line 1473, in _handle_dbapi_exception
    util.raise_from_cause(sqlalchemy_exception, exc_info)
  File "/home/ganesh/my_projects/itc_venv/lib/python3.7/site-packages/sqlalchemy/util/compat.py", line 398, in raise_from_cause
    reraise(type(exception), exception, tb=exc_tb, cause=cause)
  File "/home/ganesh/my_projects/itc_venv/lib/python3.7/site-packages/sqlalchemy/util/compat.py", line 152, in reraise
    raise value.with_traceback(tb)
  File "/home/ganesh/my_projects/itc_venv/lib/python3.7/site-packages/sqlalchemy/engine/base.py", line 1249, in _execute_context
    cursor, statement, parameters, context
  File "/home/ganesh/my_projects/itc_venv/lib/python3.7/site-packages/sqlalchemy/engine/default.py", line 552, in do_execute
    cursor.execute(statement, parameters)
  File "/home/ganesh/my_projects/itc_venv/lib/python3.7/site-packages/MySQLdb/cursors.py", line 209, in execute
    res = self._query(query)
  File "/home/ganesh/my_projects/itc_venv/lib/python3.7/site-packages/MySQLdb/cursors.py", line 315, in _query
    db.query(q)
  File "/home/ganesh/my_projects/itc_venv/lib/python3.7/site-packages/MySQLdb/connections.py", line 226, in query
    _mysql.connection.query(self, query)
sqlalchemy.exc.OperationalError: (MySQLdb._exceptions.OperationalError) (1054, "Unknown column 'nsr_table_information.Qty_Apr' in 'field list'")
[SQL: SELECT nsr_table_information.id AS nsr_table_information_id, nsr_table_information.master_product_id AS nsr_table_information_master_product_id, nsr_table_information.segment_id AS nsr_table_information_segment_id, nsr_table_information.paper_machine_id AS nsr_table_information_paper_machine_id, nsr_table_information.last_fy_nsr_value AS nsr_table_information_last_fy_nsr_value, nsr_table_information.`Qty_Apr` AS `nsr_table_information_Qty_Apr`, nsr_table_information.`Qty_May` AS `nsr_table_information_Qty_May`, nsr_table_information.`Qty_Jun` AS `nsr_table_information_Qty_Jun`, nsr_table_information.`Qty_Jul` AS `nsr_table_information_Qty_Jul`, nsr_table_information.`Qty_Aug` AS `nsr_table_information_Qty_Aug`, nsr_table_information.`Qty_Sep` AS `nsr_table_information_Qty_Sep`, nsr_table_information.`Qty_Oct` AS `nsr_table_information_Qty_Oct`, nsr_table_information.`Qty_Nov` AS `nsr_table_information_Qty_Nov`, nsr_table_information.`Qty_Dec` AS `nsr_table_information_Qty_Dec`, nsr_table_information.`Qty_Jan` AS `nsr_table_information_Qty_Jan`, nsr_table_information.`Qty_Feb` AS `nsr_table_information_Qty_Feb`, nsr_table_information.`Qty_Mar` AS `nsr_table_information_Qty_Mar`, nsr_table_information.`Qty_Total` AS `nsr_table_information_Qty_Total`, nsr_table_information.`NSR_Apr` AS `nsr_table_information_NSR_Apr`, nsr_table_information.`NSR_May` AS `nsr_table_information_NSR_May`, nsr_table_information.`NSR_Jun` AS `nsr_table_information_NSR_Jun`, nsr_table_information.`NSR_Jul` AS `nsr_table_information_NSR_Jul`, nsr_table_information.`NSR_Aug` AS `nsr_table_information_NSR_Aug`, nsr_table_information.`NSR_Sep` AS `nsr_table_information_NSR_Sep`, nsr_table_information.`NSR_Oct` AS `nsr_table_information_NSR_Oct`, nsr_table_information.`NSR_Nov` AS `nsr_table_information_NSR_Nov`, nsr_table_information.`NSR_Dec` AS `nsr_table_information_NSR_Dec`, nsr_table_information.`NSR_Jan` AS `nsr_table_information_NSR_Jan`, nsr_table_information.`NSR_Feb` AS `nsr_table_information_NSR_Feb`, nsr_table_information.`NSR_Mar` AS `nsr_table_information_NSR_Mar`, nsr_table_information.`NSR_Total` AS `nsr_table_information_NSR_Total`, nsr_table_information.grand_totals AS nsr_table_information_grand_totals, nsr_table_information.planned_volume_for_last_fy AS nsr_table_information_planned_volume_for_last_fy, nsr_table_information.planned_nsr_for_last_fy AS nsr_table_information_planned_nsr_for_last_fy, nsr_table_information.ytd_actual_volume_for_fy AS nsr_table_information_ytd_actual_volume_for_fy, nsr_table_information.ytd_actual_nsr_for_fy AS nsr_table_information_ytd_actual_nsr_for_fy, nsr_table_information.status AS nsr_table_information_status, nsr_table_information.`createdAt` AS `nsr_table_information_createdAt`, nsr_table_information.`updatedAt` AS `nsr_table_information_updatedAt` 
FROM nsr_table_information 
WHERE %s = nsr_table_information.paper_machine_id]
[parameters: (1,)]
(Background on this error at: http://sqlalche.me/e/e3q8)
[2019-09-11 18:12:11,210] {getpostpmmaster.py:41} ERROR - Exception occured
Traceback (most recent call last):
  File "/home/ganesh/my_projects/itc_venv/lib/python3.7/site-packages/sqlalchemy/engine/base.py", line 1249, in _execute_context
    cursor, statement, parameters, context
  File "/home/ganesh/my_projects/itc_venv/lib/python3.7/site-packages/sqlalchemy/engine/default.py", line 552, in do_execute
    cursor.execute(statement, parameters)
  File "/home/ganesh/my_projects/itc_venv/lib/python3.7/site-packages/MySQLdb/cursors.py", line 209, in execute
    res = self._query(query)
  File "/home/ganesh/my_projects/itc_venv/lib/python3.7/site-packages/MySQLdb/cursors.py", line 315, in _query
    db.query(q)
  File "/home/ganesh/my_projects/itc_venv/lib/python3.7/site-packages/MySQLdb/connections.py", line 226, in query
    _mysql.connection.query(self, query)
MySQLdb._exceptions.OperationalError: (1054, "Unknown column 'nsr_table_information.Qty_Apr' in 'field list'")

The above exception was the direct cause of the following exception:

Traceback (most recent call last):
  File "/home/ganesh/my_projects/itc_poc_server/controllers/pmmaster/getpostpmmaster.py", line 31, in get
    data = schema.dump(paper_machine)
  File "/home/ganesh/my_projects/itc_venv/lib/python3.7/site-packages/marshmallow/schema.py", line 539, in dump
    result = self._serialize(processed_obj, many=many)
  File "/home/ganesh/my_projects/itc_venv/lib/python3.7/site-packages/marshmallow/schema.py", line 500, in _serialize
    return [self._serialize(d, many=False) for d in obj]
  File "/home/ganesh/my_projects/itc_venv/lib/python3.7/site-packages/marshmallow/schema.py", line 500, in <listcomp>
    return [self._serialize(d, many=False) for d in obj]
  File "/home/ganesh/my_projects/itc_venv/lib/python3.7/site-packages/marshmallow/schema.py", line 503, in _serialize
    value = field_obj.serialize(attr_name, obj, accessor=self.get_attribute)
  File "/home/ganesh/my_projects/itc_venv/lib/python3.7/site-packages/marshmallow/fields.py", line 301, in serialize
    value = self.get_value(obj, attr, accessor=accessor)
  File "/home/ganesh/my_projects/itc_venv/lib/python3.7/site-packages/marshmallow_sqlalchemy/fields.py", line 26, in get_value
    return super(fields.List, self).get_value(obj, attr, accessor=accessor)
  File "/home/ganesh/my_projects/itc_venv/lib/python3.7/site-packages/marshmallow/fields.py", line 229, in get_value
    return accessor_func(obj, check_key, default)
  File "/home/ganesh/my_projects/itc_venv/lib/python3.7/site-packages/marshmallow/schema.py", line 465, in get_attribute
    return get_value(obj, attr, default)
  File "/home/ganesh/my_projects/itc_venv/lib/python3.7/site-packages/marshmallow/utils.py", line 227, in get_value
    return _get_value_for_key(obj, key, default)
  File "/home/ganesh/my_projects/itc_venv/lib/python3.7/site-packages/marshmallow/utils.py", line 241, in _get_value_for_key
    return getattr(obj, key, default)
  File "/home/ganesh/my_projects/itc_venv/lib/python3.7/site-packages/sqlalchemy/orm/attributes.py", line 282, in __get__
    return self.impl.get(instance_state(instance), dict_)
  File "/home/ganesh/my_projects/itc_venv/lib/python3.7/site-packages/sqlalchemy/orm/attributes.py", line 710, in get
    value = self.callable_(state, passive)
  File "/home/ganesh/my_projects/itc_venv/lib/python3.7/site-packages/sqlalchemy/orm/strategies.py", line 725, in _load_for_state
    session, state, primary_key_identity, passive
  File "<string>", line 1, in <lambda>
  File "/home/ganesh/my_projects/itc_venv/lib/python3.7/site-packages/sqlalchemy/orm/strategies.py", line 867, in _emit_lazyload
    .with_post_criteria(set_default_params)
  File "/home/ganesh/my_projects/itc_venv/lib/python3.7/site-packages/sqlalchemy/ext/baked.py", line 531, in all
    return list(self)
  File "/home/ganesh/my_projects/itc_venv/lib/python3.7/site-packages/sqlalchemy/ext/baked.py", line 434, in __iter__
    return q._execute_and_instances(context)
  File "/home/ganesh/my_projects/itc_venv/lib/python3.7/site-packages/sqlalchemy/orm/query.py", line 3359, in _execute_and_instances
    result = conn.execute(querycontext.statement, self._params)
  File "/home/ganesh/my_projects/itc_venv/lib/python3.7/site-packages/sqlalchemy/engine/base.py", line 988, in execute
    return meth(self, multiparams, params)
  File "/home/ganesh/my_projects/itc_venv/lib/python3.7/site-packages/sqlalchemy/sql/elements.py", line 287, in _execute_on_connection
    return connection._execute_clauseelement(self, multiparams, params)
  File "/home/ganesh/my_projects/itc_venv/lib/python3.7/site-packages/sqlalchemy/engine/base.py", line 1107, in _execute_clauseelement
    distilled_params,
  File "/home/ganesh/my_projects/itc_venv/lib/python3.7/site-packages/sqlalchemy/engine/base.py", line 1253, in _execute_context
    e, statement, parameters, cursor, context
  File "/home/ganesh/my_projects/itc_venv/lib/python3.7/site-packages/sqlalchemy/engine/base.py", line 1473, in _handle_dbapi_exception
    util.raise_from_cause(sqlalchemy_exception, exc_info)
  File "/home/ganesh/my_projects/itc_venv/lib/python3.7/site-packages/sqlalchemy/util/compat.py", line 398, in raise_from_cause
    reraise(type(exception), exception, tb=exc_tb, cause=cause)
  File "/home/ganesh/my_projects/itc_venv/lib/python3.7/site-packages/sqlalchemy/util/compat.py", line 152, in reraise
    raise value.with_traceback(tb)
  File "/home/ganesh/my_projects/itc_venv/lib/python3.7/site-packages/sqlalchemy/engine/base.py", line 1249, in _execute_context
    cursor, statement, parameters, context
  File "/home/ganesh/my_projects/itc_venv/lib/python3.7/site-packages/sqlalchemy/engine/default.py", line 552, in do_execute
    cursor.execute(statement, parameters)
  File "/home/ganesh/my_projects/itc_venv/lib/python3.7/site-packages/MySQLdb/cursors.py", line 209, in execute
    res = self._query(query)
  File "/home/ganesh/my_projects/itc_venv/lib/python3.7/site-packages/MySQLdb/cursors.py", line 315, in _query
    db.query(q)
  File "/home/ganesh/my_projects/itc_venv/lib/python3.7/site-packages/MySQLdb/connections.py", line 226, in query
    _mysql.connection.query(self, query)
sqlalchemy.exc.OperationalError: (MySQLdb._exceptions.OperationalError) (1054, "Unknown column 'nsr_table_information.Qty_Apr' in 'field list'")
[SQL: SELECT nsr_table_information.id AS nsr_table_information_id, nsr_table_information.master_product_id AS nsr_table_information_master_product_id, nsr_table_information.segment_id AS nsr_table_information_segment_id, nsr_table_information.paper_machine_id AS nsr_table_information_paper_machine_id, nsr_table_information.last_fy_nsr_value AS nsr_table_information_last_fy_nsr_value, nsr_table_information.`Qty_Apr` AS `nsr_table_information_Qty_Apr`, nsr_table_information.`Qty_May` AS `nsr_table_information_Qty_May`, nsr_table_information.`Qty_Jun` AS `nsr_table_information_Qty_Jun`, nsr_table_information.`Qty_Jul` AS `nsr_table_information_Qty_Jul`, nsr_table_information.`Qty_Aug` AS `nsr_table_information_Qty_Aug`, nsr_table_information.`Qty_Sep` AS `nsr_table_information_Qty_Sep`, nsr_table_information.`Qty_Oct` AS `nsr_table_information_Qty_Oct`, nsr_table_information.`Qty_Nov` AS `nsr_table_information_Qty_Nov`, nsr_table_information.`Qty_Dec` AS `nsr_table_information_Qty_Dec`, nsr_table_information.`Qty_Jan` AS `nsr_table_information_Qty_Jan`, nsr_table_information.`Qty_Feb` AS `nsr_table_information_Qty_Feb`, nsr_table_information.`Qty_Mar` AS `nsr_table_information_Qty_Mar`, nsr_table_information.`Qty_Total` AS `nsr_table_information_Qty_Total`, nsr_table_information.`NSR_Apr` AS `nsr_table_information_NSR_Apr`, nsr_table_information.`NSR_May` AS `nsr_table_information_NSR_May`, nsr_table_information.`NSR_Jun` AS `nsr_table_information_NSR_Jun`, nsr_table_information.`NSR_Jul` AS `nsr_table_information_NSR_Jul`, nsr_table_information.`NSR_Aug` AS `nsr_table_information_NSR_Aug`, nsr_table_information.`NSR_Sep` AS `nsr_table_information_NSR_Sep`, nsr_table_information.`NSR_Oct` AS `nsr_table_information_NSR_Oct`, nsr_table_information.`NSR_Nov` AS `nsr_table_information_NSR_Nov`, nsr_table_information.`NSR_Dec` AS `nsr_table_information_NSR_Dec`, nsr_table_information.`NSR_Jan` AS `nsr_table_information_NSR_Jan`, nsr_table_information.`NSR_Feb` AS `nsr_table_information_NSR_Feb`, nsr_table_information.`NSR_Mar` AS `nsr_table_information_NSR_Mar`, nsr_table_information.`NSR_Total` AS `nsr_table_information_NSR_Total`, nsr_table_information.grand_totals AS nsr_table_information_grand_totals, nsr_table_information.planned_volume_for_last_fy AS nsr_table_information_planned_volume_for_last_fy, nsr_table_information.planned_nsr_for_last_fy AS nsr_table_information_planned_nsr_for_last_fy, nsr_table_information.ytd_actual_volume_for_fy AS nsr_table_information_ytd_actual_volume_for_fy, nsr_table_information.ytd_actual_nsr_for_fy AS nsr_table_information_ytd_actual_nsr_for_fy, nsr_table_information.status AS nsr_table_information_status, nsr_table_information.`createdAt` AS `nsr_table_information_createdAt`, nsr_table_information.`updatedAt` AS `nsr_table_information_updatedAt` 
FROM nsr_table_information 
WHERE %s = nsr_table_information.paper_machine_id]
[parameters: (1,)]
(Background on this error at: http://sqlalche.me/e/e3q8)
[2019-09-11 18:13:13,878] {getpostpmmaster.py:41} ERROR - Exception occured
Traceback (most recent call last):
  File "/home/ganesh/my_projects/itc_venv/lib/python3.7/site-packages/sqlalchemy/engine/base.py", line 1249, in _execute_context
    cursor, statement, parameters, context
  File "/home/ganesh/my_projects/itc_venv/lib/python3.7/site-packages/sqlalchemy/engine/default.py", line 552, in do_execute
    cursor.execute(statement, parameters)
  File "/home/ganesh/my_projects/itc_venv/lib/python3.7/site-packages/MySQLdb/cursors.py", line 209, in execute
    res = self._query(query)
  File "/home/ganesh/my_projects/itc_venv/lib/python3.7/site-packages/MySQLdb/cursors.py", line 315, in _query
    db.query(q)
  File "/home/ganesh/my_projects/itc_venv/lib/python3.7/site-packages/MySQLdb/connections.py", line 226, in query
    _mysql.connection.query(self, query)
MySQLdb._exceptions.OperationalError: (1054, "Unknown column 'nsr_table_information.Qty_Apr' in 'field list'")

The above exception was the direct cause of the following exception:

Traceback (most recent call last):
  File "/home/ganesh/my_projects/itc_poc_server/controllers/pmmaster/getpostpmmaster.py", line 31, in get
    data = schema.dump(paper_machine)
  File "/home/ganesh/my_projects/itc_venv/lib/python3.7/site-packages/marshmallow/schema.py", line 539, in dump
    result = self._serialize(processed_obj, many=many)
  File "/home/ganesh/my_projects/itc_venv/lib/python3.7/site-packages/marshmallow/schema.py", line 500, in _serialize
    return [self._serialize(d, many=False) for d in obj]
  File "/home/ganesh/my_projects/itc_venv/lib/python3.7/site-packages/marshmallow/schema.py", line 500, in <listcomp>
    return [self._serialize(d, many=False) for d in obj]
  File "/home/ganesh/my_projects/itc_venv/lib/python3.7/site-packages/marshmallow/schema.py", line 503, in _serialize
    value = field_obj.serialize(attr_name, obj, accessor=self.get_attribute)
  File "/home/ganesh/my_projects/itc_venv/lib/python3.7/site-packages/marshmallow/fields.py", line 301, in serialize
    value = self.get_value(obj, attr, accessor=accessor)
  File "/home/ganesh/my_projects/itc_venv/lib/python3.7/site-packages/marshmallow_sqlalchemy/fields.py", line 26, in get_value
    return super(fields.List, self).get_value(obj, attr, accessor=accessor)
  File "/home/ganesh/my_projects/itc_venv/lib/python3.7/site-packages/marshmallow/fields.py", line 229, in get_value
    return accessor_func(obj, check_key, default)
  File "/home/ganesh/my_projects/itc_venv/lib/python3.7/site-packages/marshmallow/schema.py", line 465, in get_attribute
    return get_value(obj, attr, default)
  File "/home/ganesh/my_projects/itc_venv/lib/python3.7/site-packages/marshmallow/utils.py", line 227, in get_value
    return _get_value_for_key(obj, key, default)
  File "/home/ganesh/my_projects/itc_venv/lib/python3.7/site-packages/marshmallow/utils.py", line 241, in _get_value_for_key
    return getattr(obj, key, default)
  File "/home/ganesh/my_projects/itc_venv/lib/python3.7/site-packages/sqlalchemy/orm/attributes.py", line 282, in __get__
    return self.impl.get(instance_state(instance), dict_)
  File "/home/ganesh/my_projects/itc_venv/lib/python3.7/site-packages/sqlalchemy/orm/attributes.py", line 710, in get
    value = self.callable_(state, passive)
  File "/home/ganesh/my_projects/itc_venv/lib/python3.7/site-packages/sqlalchemy/orm/strategies.py", line 725, in _load_for_state
    session, state, primary_key_identity, passive
  File "<string>", line 1, in <lambda>
  File "/home/ganesh/my_projects/itc_venv/lib/python3.7/site-packages/sqlalchemy/orm/strategies.py", line 867, in _emit_lazyload
    .with_post_criteria(set_default_params)
  File "/home/ganesh/my_projects/itc_venv/lib/python3.7/site-packages/sqlalchemy/ext/baked.py", line 531, in all
    return list(self)
  File "/home/ganesh/my_projects/itc_venv/lib/python3.7/site-packages/sqlalchemy/ext/baked.py", line 434, in __iter__
    return q._execute_and_instances(context)
  File "/home/ganesh/my_projects/itc_venv/lib/python3.7/site-packages/sqlalchemy/orm/query.py", line 3359, in _execute_and_instances
    result = conn.execute(querycontext.statement, self._params)
  File "/home/ganesh/my_projects/itc_venv/lib/python3.7/site-packages/sqlalchemy/engine/base.py", line 988, in execute
    return meth(self, multiparams, params)
  File "/home/ganesh/my_projects/itc_venv/lib/python3.7/site-packages/sqlalchemy/sql/elements.py", line 287, in _execute_on_connection
    return connection._execute_clauseelement(self, multiparams, params)
  File "/home/ganesh/my_projects/itc_venv/lib/python3.7/site-packages/sqlalchemy/engine/base.py", line 1107, in _execute_clauseelement
    distilled_params,
  File "/home/ganesh/my_projects/itc_venv/lib/python3.7/site-packages/sqlalchemy/engine/base.py", line 1253, in _execute_context
    e, statement, parameters, cursor, context
  File "/home/ganesh/my_projects/itc_venv/lib/python3.7/site-packages/sqlalchemy/engine/base.py", line 1473, in _handle_dbapi_exception
    util.raise_from_cause(sqlalchemy_exception, exc_info)
  File "/home/ganesh/my_projects/itc_venv/lib/python3.7/site-packages/sqlalchemy/util/compat.py", line 398, in raise_from_cause
    reraise(type(exception), exception, tb=exc_tb, cause=cause)
  File "/home/ganesh/my_projects/itc_venv/lib/python3.7/site-packages/sqlalchemy/util/compat.py", line 152, in reraise
    raise value.with_traceback(tb)
  File "/home/ganesh/my_projects/itc_venv/lib/python3.7/site-packages/sqlalchemy/engine/base.py", line 1249, in _execute_context
    cursor, statement, parameters, context
  File "/home/ganesh/my_projects/itc_venv/lib/python3.7/site-packages/sqlalchemy/engine/default.py", line 552, in do_execute
    cursor.execute(statement, parameters)
  File "/home/ganesh/my_projects/itc_venv/lib/python3.7/site-packages/MySQLdb/cursors.py", line 209, in execute
    res = self._query(query)
  File "/home/ganesh/my_projects/itc_venv/lib/python3.7/site-packages/MySQLdb/cursors.py", line 315, in _query
    db.query(q)
  File "/home/ganesh/my_projects/itc_venv/lib/python3.7/site-packages/MySQLdb/connections.py", line 226, in query
    _mysql.connection.query(self, query)
sqlalchemy.exc.OperationalError: (MySQLdb._exceptions.OperationalError) (1054, "Unknown column 'nsr_table_information.Qty_Apr' in 'field list'")
[SQL: SELECT nsr_table_information.id AS nsr_table_information_id, nsr_table_information.master_product_id AS nsr_table_information_master_product_id, nsr_table_information.segment_id AS nsr_table_information_segment_id, nsr_table_information.paper_machine_id AS nsr_table_information_paper_machine_id, nsr_table_information.last_fy_nsr_value AS nsr_table_information_last_fy_nsr_value, nsr_table_information.`Qty_Apr` AS `nsr_table_information_Qty_Apr`, nsr_table_information.`Qty_May` AS `nsr_table_information_Qty_May`, nsr_table_information.`Qty_Jun` AS `nsr_table_information_Qty_Jun`, nsr_table_information.`Qty_Jul` AS `nsr_table_information_Qty_Jul`, nsr_table_information.`Qty_Aug` AS `nsr_table_information_Qty_Aug`, nsr_table_information.`Qty_Sep` AS `nsr_table_information_Qty_Sep`, nsr_table_information.`Qty_Oct` AS `nsr_table_information_Qty_Oct`, nsr_table_information.`Qty_Nov` AS `nsr_table_information_Qty_Nov`, nsr_table_information.`Qty_Dec` AS `nsr_table_information_Qty_Dec`, nsr_table_information.`Qty_Jan` AS `nsr_table_information_Qty_Jan`, nsr_table_information.`Qty_Feb` AS `nsr_table_information_Qty_Feb`, nsr_table_information.`Qty_Mar` AS `nsr_table_information_Qty_Mar`, nsr_table_information.`Qty_Total` AS `nsr_table_information_Qty_Total`, nsr_table_information.`NSR_Apr` AS `nsr_table_information_NSR_Apr`, nsr_table_information.`NSR_May` AS `nsr_table_information_NSR_May`, nsr_table_information.`NSR_Jun` AS `nsr_table_information_NSR_Jun`, nsr_table_information.`NSR_Jul` AS `nsr_table_information_NSR_Jul`, nsr_table_information.`NSR_Aug` AS `nsr_table_information_NSR_Aug`, nsr_table_information.`NSR_Sep` AS `nsr_table_information_NSR_Sep`, nsr_table_information.`NSR_Oct` AS `nsr_table_information_NSR_Oct`, nsr_table_information.`NSR_Nov` AS `nsr_table_information_NSR_Nov`, nsr_table_information.`NSR_Dec` AS `nsr_table_information_NSR_Dec`, nsr_table_information.`NSR_Jan` AS `nsr_table_information_NSR_Jan`, nsr_table_information.`NSR_Feb` AS `nsr_table_information_NSR_Feb`, nsr_table_information.`NSR_Mar` AS `nsr_table_information_NSR_Mar`, nsr_table_information.`NSR_Total` AS `nsr_table_information_NSR_Total`, nsr_table_information.grand_totals AS nsr_table_information_grand_totals, nsr_table_information.planned_volume_for_last_fy AS nsr_table_information_planned_volume_for_last_fy, nsr_table_information.planned_nsr_for_last_fy AS nsr_table_information_planned_nsr_for_last_fy, nsr_table_information.ytd_actual_volume_for_fy AS nsr_table_information_ytd_actual_volume_for_fy, nsr_table_information.ytd_actual_nsr_for_fy AS nsr_table_information_ytd_actual_nsr_for_fy, nsr_table_information.status AS nsr_table_information_status, nsr_table_information.`createdAt` AS `nsr_table_information_createdAt`, nsr_table_information.`updatedAt` AS `nsr_table_information_updatedAt` 
FROM nsr_table_information 
WHERE %s = nsr_table_information.paper_machine_id]
[parameters: (1,)]
(Background on this error at: http://sqlalche.me/e/e3q8)
[2019-09-11 18:13:15,327] {getpostpmmaster.py:41} ERROR - Exception occured
Traceback (most recent call last):
  File "/home/ganesh/my_projects/itc_venv/lib/python3.7/site-packages/sqlalchemy/engine/base.py", line 1249, in _execute_context
    cursor, statement, parameters, context
  File "/home/ganesh/my_projects/itc_venv/lib/python3.7/site-packages/sqlalchemy/engine/default.py", line 552, in do_execute
    cursor.execute(statement, parameters)
  File "/home/ganesh/my_projects/itc_venv/lib/python3.7/site-packages/MySQLdb/cursors.py", line 209, in execute
    res = self._query(query)
  File "/home/ganesh/my_projects/itc_venv/lib/python3.7/site-packages/MySQLdb/cursors.py", line 315, in _query
    db.query(q)
  File "/home/ganesh/my_projects/itc_venv/lib/python3.7/site-packages/MySQLdb/connections.py", line 226, in query
    _mysql.connection.query(self, query)
MySQLdb._exceptions.OperationalError: (1054, "Unknown column 'nsr_table_information.Qty_Apr' in 'field list'")

The above exception was the direct cause of the following exception:

Traceback (most recent call last):
  File "/home/ganesh/my_projects/itc_poc_server/controllers/pmmaster/getpostpmmaster.py", line 31, in get
    data = schema.dump(paper_machine)
  File "/home/ganesh/my_projects/itc_venv/lib/python3.7/site-packages/marshmallow/schema.py", line 539, in dump
    result = self._serialize(processed_obj, many=many)
  File "/home/ganesh/my_projects/itc_venv/lib/python3.7/site-packages/marshmallow/schema.py", line 500, in _serialize
    return [self._serialize(d, many=False) for d in obj]
  File "/home/ganesh/my_projects/itc_venv/lib/python3.7/site-packages/marshmallow/schema.py", line 500, in <listcomp>
    return [self._serialize(d, many=False) for d in obj]
  File "/home/ganesh/my_projects/itc_venv/lib/python3.7/site-packages/marshmallow/schema.py", line 503, in _serialize
    value = field_obj.serialize(attr_name, obj, accessor=self.get_attribute)
  File "/home/ganesh/my_projects/itc_venv/lib/python3.7/site-packages/marshmallow/fields.py", line 301, in serialize
    value = self.get_value(obj, attr, accessor=accessor)
  File "/home/ganesh/my_projects/itc_venv/lib/python3.7/site-packages/marshmallow_sqlalchemy/fields.py", line 26, in get_value
    return super(fields.List, self).get_value(obj, attr, accessor=accessor)
  File "/home/ganesh/my_projects/itc_venv/lib/python3.7/site-packages/marshmallow/fields.py", line 229, in get_value
    return accessor_func(obj, check_key, default)
  File "/home/ganesh/my_projects/itc_venv/lib/python3.7/site-packages/marshmallow/schema.py", line 465, in get_attribute
    return get_value(obj, attr, default)
  File "/home/ganesh/my_projects/itc_venv/lib/python3.7/site-packages/marshmallow/utils.py", line 227, in get_value
    return _get_value_for_key(obj, key, default)
  File "/home/ganesh/my_projects/itc_venv/lib/python3.7/site-packages/marshmallow/utils.py", line 241, in _get_value_for_key
    return getattr(obj, key, default)
  File "/home/ganesh/my_projects/itc_venv/lib/python3.7/site-packages/sqlalchemy/orm/attributes.py", line 282, in __get__
    return self.impl.get(instance_state(instance), dict_)
  File "/home/ganesh/my_projects/itc_venv/lib/python3.7/site-packages/sqlalchemy/orm/attributes.py", line 710, in get
    value = self.callable_(state, passive)
  File "/home/ganesh/my_projects/itc_venv/lib/python3.7/site-packages/sqlalchemy/orm/strategies.py", line 725, in _load_for_state
    session, state, primary_key_identity, passive
  File "<string>", line 1, in <lambda>
  File "/home/ganesh/my_projects/itc_venv/lib/python3.7/site-packages/sqlalchemy/orm/strategies.py", line 867, in _emit_lazyload
    .with_post_criteria(set_default_params)
  File "/home/ganesh/my_projects/itc_venv/lib/python3.7/site-packages/sqlalchemy/ext/baked.py", line 531, in all
    return list(self)
  File "/home/ganesh/my_projects/itc_venv/lib/python3.7/site-packages/sqlalchemy/ext/baked.py", line 434, in __iter__
    return q._execute_and_instances(context)
  File "/home/ganesh/my_projects/itc_venv/lib/python3.7/site-packages/sqlalchemy/orm/query.py", line 3359, in _execute_and_instances
    result = conn.execute(querycontext.statement, self._params)
  File "/home/ganesh/my_projects/itc_venv/lib/python3.7/site-packages/sqlalchemy/engine/base.py", line 988, in execute
    return meth(self, multiparams, params)
  File "/home/ganesh/my_projects/itc_venv/lib/python3.7/site-packages/sqlalchemy/sql/elements.py", line 287, in _execute_on_connection
    return connection._execute_clauseelement(self, multiparams, params)
  File "/home/ganesh/my_projects/itc_venv/lib/python3.7/site-packages/sqlalchemy/engine/base.py", line 1107, in _execute_clauseelement
    distilled_params,
  File "/home/ganesh/my_projects/itc_venv/lib/python3.7/site-packages/sqlalchemy/engine/base.py", line 1253, in _execute_context
    e, statement, parameters, cursor, context
  File "/home/ganesh/my_projects/itc_venv/lib/python3.7/site-packages/sqlalchemy/engine/base.py", line 1473, in _handle_dbapi_exception
    util.raise_from_cause(sqlalchemy_exception, exc_info)
  File "/home/ganesh/my_projects/itc_venv/lib/python3.7/site-packages/sqlalchemy/util/compat.py", line 398, in raise_from_cause
    reraise(type(exception), exception, tb=exc_tb, cause=cause)
  File "/home/ganesh/my_projects/itc_venv/lib/python3.7/site-packages/sqlalchemy/util/compat.py", line 152, in reraise
    raise value.with_traceback(tb)
  File "/home/ganesh/my_projects/itc_venv/lib/python3.7/site-packages/sqlalchemy/engine/base.py", line 1249, in _execute_context
    cursor, statement, parameters, context
  File "/home/ganesh/my_projects/itc_venv/lib/python3.7/site-packages/sqlalchemy/engine/default.py", line 552, in do_execute
    cursor.execute(statement, parameters)
  File "/home/ganesh/my_projects/itc_venv/lib/python3.7/site-packages/MySQLdb/cursors.py", line 209, in execute
    res = self._query(query)
  File "/home/ganesh/my_projects/itc_venv/lib/python3.7/site-packages/MySQLdb/cursors.py", line 315, in _query
    db.query(q)
  File "/home/ganesh/my_projects/itc_venv/lib/python3.7/site-packages/MySQLdb/connections.py", line 226, in query
    _mysql.connection.query(self, query)
sqlalchemy.exc.OperationalError: (MySQLdb._exceptions.OperationalError) (1054, "Unknown column 'nsr_table_information.Qty_Apr' in 'field list'")
[SQL: SELECT nsr_table_information.id AS nsr_table_information_id, nsr_table_information.master_product_id AS nsr_table_information_master_product_id, nsr_table_information.segment_id AS nsr_table_information_segment_id, nsr_table_information.paper_machine_id AS nsr_table_information_paper_machine_id, nsr_table_information.last_fy_nsr_value AS nsr_table_information_last_fy_nsr_value, nsr_table_information.`Qty_Apr` AS `nsr_table_information_Qty_Apr`, nsr_table_information.`Qty_May` AS `nsr_table_information_Qty_May`, nsr_table_information.`Qty_Jun` AS `nsr_table_information_Qty_Jun`, nsr_table_information.`Qty_Jul` AS `nsr_table_information_Qty_Jul`, nsr_table_information.`Qty_Aug` AS `nsr_table_information_Qty_Aug`, nsr_table_information.`Qty_Sep` AS `nsr_table_information_Qty_Sep`, nsr_table_information.`Qty_Oct` AS `nsr_table_information_Qty_Oct`, nsr_table_information.`Qty_Nov` AS `nsr_table_information_Qty_Nov`, nsr_table_information.`Qty_Dec` AS `nsr_table_information_Qty_Dec`, nsr_table_information.`Qty_Jan` AS `nsr_table_information_Qty_Jan`, nsr_table_information.`Qty_Feb` AS `nsr_table_information_Qty_Feb`, nsr_table_information.`Qty_Mar` AS `nsr_table_information_Qty_Mar`, nsr_table_information.`Qty_Total` AS `nsr_table_information_Qty_Total`, nsr_table_information.`NSR_Apr` AS `nsr_table_information_NSR_Apr`, nsr_table_information.`NSR_May` AS `nsr_table_information_NSR_May`, nsr_table_information.`NSR_Jun` AS `nsr_table_information_NSR_Jun`, nsr_table_information.`NSR_Jul` AS `nsr_table_information_NSR_Jul`, nsr_table_information.`NSR_Aug` AS `nsr_table_information_NSR_Aug`, nsr_table_information.`NSR_Sep` AS `nsr_table_information_NSR_Sep`, nsr_table_information.`NSR_Oct` AS `nsr_table_information_NSR_Oct`, nsr_table_information.`NSR_Nov` AS `nsr_table_information_NSR_Nov`, nsr_table_information.`NSR_Dec` AS `nsr_table_information_NSR_Dec`, nsr_table_information.`NSR_Jan` AS `nsr_table_information_NSR_Jan`, nsr_table_information.`NSR_Feb` AS `nsr_table_information_NSR_Feb`, nsr_table_information.`NSR_Mar` AS `nsr_table_information_NSR_Mar`, nsr_table_information.`NSR_Total` AS `nsr_table_information_NSR_Total`, nsr_table_information.grand_totals AS nsr_table_information_grand_totals, nsr_table_information.planned_volume_for_last_fy AS nsr_table_information_planned_volume_for_last_fy, nsr_table_information.planned_nsr_for_last_fy AS nsr_table_information_planned_nsr_for_last_fy, nsr_table_information.ytd_actual_volume_for_fy AS nsr_table_information_ytd_actual_volume_for_fy, nsr_table_information.ytd_actual_nsr_for_fy AS nsr_table_information_ytd_actual_nsr_for_fy, nsr_table_information.status AS nsr_table_information_status, nsr_table_information.`createdAt` AS `nsr_table_information_createdAt`, nsr_table_information.`updatedAt` AS `nsr_table_information_updatedAt` 
FROM nsr_table_information 
WHERE %s = nsr_table_information.paper_machine_id]
[parameters: (1,)]
(Background on this error at: http://sqlalche.me/e/e3q8)
[2019-09-11 18:15:14,528] {getpostpmmaster.py:32} INFO - succesfully fetched the paper machine master data
[2019-09-11 18:15:36,847] {getpostpmmaster.py:32} INFO - succesfully fetched the paper machine master data
[2019-09-11 18:19:45,505] {getpostpmmaster.py:32} INFO - succesfully fetched the paper machine master data
[2019-09-11 18:21:48,991] {getpostpmmaster.py:32} INFO - succesfully fetched the paper machine master data
[2019-09-11 18:22:47,369] {getpostpmmaster.py:32} INFO - succesfully fetched the paper machine master data
[2019-09-11 18:22:48,177] {getpostpmmaster.py:32} INFO - succesfully fetched the paper machine master data
[2019-09-11 18:29:31,116] {getpostpmmaster.py:41} ERROR - Exception occured
Traceback (most recent call last):
  File "/home/ganesh/my_projects/itc_venv/lib/python3.7/site-packages/sqlalchemy/engine/base.py", line 1249, in _execute_context
    cursor, statement, parameters, context
  File "/home/ganesh/my_projects/itc_venv/lib/python3.7/site-packages/sqlalchemy/engine/default.py", line 552, in do_execute
    cursor.execute(statement, parameters)
  File "/home/ganesh/my_projects/itc_venv/lib/python3.7/site-packages/MySQLdb/cursors.py", line 209, in execute
    res = self._query(query)
  File "/home/ganesh/my_projects/itc_venv/lib/python3.7/site-packages/MySQLdb/cursors.py", line 315, in _query
    db.query(q)
  File "/home/ganesh/my_projects/itc_venv/lib/python3.7/site-packages/MySQLdb/connections.py", line 226, in query
    _mysql.connection.query(self, query)
MySQLdb._exceptions.OperationalError: (1054, "Unknown column 'nsr_table_information.Qty_Apr' in 'field list'")

The above exception was the direct cause of the following exception:

Traceback (most recent call last):
  File "/home/ganesh/my_projects/itc_poc_server/controllers/pmmaster/getpostpmmaster.py", line 31, in get
    data = schema.dump(paper_machine)
  File "/home/ganesh/my_projects/itc_venv/lib/python3.7/site-packages/marshmallow/schema.py", line 539, in dump
    result = self._serialize(processed_obj, many=many)
  File "/home/ganesh/my_projects/itc_venv/lib/python3.7/site-packages/marshmallow/schema.py", line 500, in _serialize
    return [self._serialize(d, many=False) for d in obj]
  File "/home/ganesh/my_projects/itc_venv/lib/python3.7/site-packages/marshmallow/schema.py", line 500, in <listcomp>
    return [self._serialize(d, many=False) for d in obj]
  File "/home/ganesh/my_projects/itc_venv/lib/python3.7/site-packages/marshmallow/schema.py", line 503, in _serialize
    value = field_obj.serialize(attr_name, obj, accessor=self.get_attribute)
  File "/home/ganesh/my_projects/itc_venv/lib/python3.7/site-packages/marshmallow/fields.py", line 301, in serialize
    value = self.get_value(obj, attr, accessor=accessor)
  File "/home/ganesh/my_projects/itc_venv/lib/python3.7/site-packages/marshmallow_sqlalchemy/fields.py", line 26, in get_value
    return super(fields.List, self).get_value(obj, attr, accessor=accessor)
  File "/home/ganesh/my_projects/itc_venv/lib/python3.7/site-packages/marshmallow/fields.py", line 229, in get_value
    return accessor_func(obj, check_key, default)
  File "/home/ganesh/my_projects/itc_venv/lib/python3.7/site-packages/marshmallow/schema.py", line 465, in get_attribute
    return get_value(obj, attr, default)
  File "/home/ganesh/my_projects/itc_venv/lib/python3.7/site-packages/marshmallow/utils.py", line 227, in get_value
    return _get_value_for_key(obj, key, default)
  File "/home/ganesh/my_projects/itc_venv/lib/python3.7/site-packages/marshmallow/utils.py", line 241, in _get_value_for_key
    return getattr(obj, key, default)
  File "/home/ganesh/my_projects/itc_venv/lib/python3.7/site-packages/sqlalchemy/orm/attributes.py", line 282, in __get__
    return self.impl.get(instance_state(instance), dict_)
  File "/home/ganesh/my_projects/itc_venv/lib/python3.7/site-packages/sqlalchemy/orm/attributes.py", line 710, in get
    value = self.callable_(state, passive)
  File "/home/ganesh/my_projects/itc_venv/lib/python3.7/site-packages/sqlalchemy/orm/strategies.py", line 725, in _load_for_state
    session, state, primary_key_identity, passive
  File "<string>", line 1, in <lambda>
  File "/home/ganesh/my_projects/itc_venv/lib/python3.7/site-packages/sqlalchemy/orm/strategies.py", line 867, in _emit_lazyload
    .with_post_criteria(set_default_params)
  File "/home/ganesh/my_projects/itc_venv/lib/python3.7/site-packages/sqlalchemy/ext/baked.py", line 531, in all
    return list(self)
  File "/home/ganesh/my_projects/itc_venv/lib/python3.7/site-packages/sqlalchemy/ext/baked.py", line 434, in __iter__
    return q._execute_and_instances(context)
  File "/home/ganesh/my_projects/itc_venv/lib/python3.7/site-packages/sqlalchemy/orm/query.py", line 3359, in _execute_and_instances
    result = conn.execute(querycontext.statement, self._params)
  File "/home/ganesh/my_projects/itc_venv/lib/python3.7/site-packages/sqlalchemy/engine/base.py", line 988, in execute
    return meth(self, multiparams, params)
  File "/home/ganesh/my_projects/itc_venv/lib/python3.7/site-packages/sqlalchemy/sql/elements.py", line 287, in _execute_on_connection
    return connection._execute_clauseelement(self, multiparams, params)
  File "/home/ganesh/my_projects/itc_venv/lib/python3.7/site-packages/sqlalchemy/engine/base.py", line 1107, in _execute_clauseelement
    distilled_params,
  File "/home/ganesh/my_projects/itc_venv/lib/python3.7/site-packages/sqlalchemy/engine/base.py", line 1253, in _execute_context
    e, statement, parameters, cursor, context
  File "/home/ganesh/my_projects/itc_venv/lib/python3.7/site-packages/sqlalchemy/engine/base.py", line 1473, in _handle_dbapi_exception
    util.raise_from_cause(sqlalchemy_exception, exc_info)
  File "/home/ganesh/my_projects/itc_venv/lib/python3.7/site-packages/sqlalchemy/util/compat.py", line 398, in raise_from_cause
    reraise(type(exception), exception, tb=exc_tb, cause=cause)
  File "/home/ganesh/my_projects/itc_venv/lib/python3.7/site-packages/sqlalchemy/util/compat.py", line 152, in reraise
    raise value.with_traceback(tb)
  File "/home/ganesh/my_projects/itc_venv/lib/python3.7/site-packages/sqlalchemy/engine/base.py", line 1249, in _execute_context
    cursor, statement, parameters, context
  File "/home/ganesh/my_projects/itc_venv/lib/python3.7/site-packages/sqlalchemy/engine/default.py", line 552, in do_execute
    cursor.execute(statement, parameters)
  File "/home/ganesh/my_projects/itc_venv/lib/python3.7/site-packages/MySQLdb/cursors.py", line 209, in execute
    res = self._query(query)
  File "/home/ganesh/my_projects/itc_venv/lib/python3.7/site-packages/MySQLdb/cursors.py", line 315, in _query
    db.query(q)
  File "/home/ganesh/my_projects/itc_venv/lib/python3.7/site-packages/MySQLdb/connections.py", line 226, in query
    _mysql.connection.query(self, query)
sqlalchemy.exc.OperationalError: (MySQLdb._exceptions.OperationalError) (1054, "Unknown column 'nsr_table_information.Qty_Apr' in 'field list'")
[SQL: SELECT nsr_table_information.id AS nsr_table_information_id, nsr_table_information.master_product_id AS nsr_table_information_master_product_id, nsr_table_information.segment_id AS nsr_table_information_segment_id, nsr_table_information.paper_machine_id AS nsr_table_information_paper_machine_id, nsr_table_information.last_fy_nsr_value AS nsr_table_information_last_fy_nsr_value, nsr_table_information.`Qty_Apr` AS `nsr_table_information_Qty_Apr`, nsr_table_information.`Qty_May` AS `nsr_table_information_Qty_May`, nsr_table_information.`Qty_Jun` AS `nsr_table_information_Qty_Jun`, nsr_table_information.`Qty_Jul` AS `nsr_table_information_Qty_Jul`, nsr_table_information.`Qty_Aug` AS `nsr_table_information_Qty_Aug`, nsr_table_information.`Qty_Sep` AS `nsr_table_information_Qty_Sep`, nsr_table_information.`Qty_Oct` AS `nsr_table_information_Qty_Oct`, nsr_table_information.`Qty_Nov` AS `nsr_table_information_Qty_Nov`, nsr_table_information.`Qty_Dec` AS `nsr_table_information_Qty_Dec`, nsr_table_information.`Qty_Jan` AS `nsr_table_information_Qty_Jan`, nsr_table_information.`Qty_Feb` AS `nsr_table_information_Qty_Feb`, nsr_table_information.`Qty_Mar` AS `nsr_table_information_Qty_Mar`, nsr_table_information.`Qty_Total` AS `nsr_table_information_Qty_Total`, nsr_table_information.`NSR_Apr` AS `nsr_table_information_NSR_Apr`, nsr_table_information.`NSR_May` AS `nsr_table_information_NSR_May`, nsr_table_information.`NSR_Jun` AS `nsr_table_information_NSR_Jun`, nsr_table_information.`NSR_Jul` AS `nsr_table_information_NSR_Jul`, nsr_table_information.`NSR_Aug` AS `nsr_table_information_NSR_Aug`, nsr_table_information.`NSR_Sep` AS `nsr_table_information_NSR_Sep`, nsr_table_information.`NSR_Oct` AS `nsr_table_information_NSR_Oct`, nsr_table_information.`NSR_Nov` AS `nsr_table_information_NSR_Nov`, nsr_table_information.`NSR_Dec` AS `nsr_table_information_NSR_Dec`, nsr_table_information.`NSR_Jan` AS `nsr_table_information_NSR_Jan`, nsr_table_information.`NSR_Feb` AS `nsr_table_information_NSR_Feb`, nsr_table_information.`NSR_Mar` AS `nsr_table_information_NSR_Mar`, nsr_table_information.`NSR_Total` AS `nsr_table_information_NSR_Total`, nsr_table_information.`NSR_Value_Apr` AS `nsr_table_information_NSR_Value_Apr`, nsr_table_information.`NSR_Value_May` AS `nsr_table_information_NSR_Value_May`, nsr_table_information.`NSR_Value_Jun` AS `nsr_table_information_NSR_Value_Jun`, nsr_table_information.`NSR_Value_Jul` AS `nsr_table_information_NSR_Value_Jul`, nsr_table_information.`NSR_Value_Aug` AS `nsr_table_information_NSR_Value_Aug`, nsr_table_information.`NSR_Value_Sep` AS `nsr_table_information_NSR_Value_Sep`, nsr_table_information.`NSR_Value_Oct` AS `nsr_table_information_NSR_Value_Oct`, nsr_table_information.`NSR_Value_Nov` AS `nsr_table_information_NSR_Value_Nov`, nsr_table_information.`NSR_Value_Dec` AS `nsr_table_information_NSR_Value_Dec`, nsr_table_information.`NSR_Value_Jan` AS `nsr_table_information_NSR_Value_Jan`, nsr_table_information.`NSR_Value_Feb` AS `nsr_table_information_NSR_Value_Feb`, nsr_table_information.`NSR_Value_Mar` AS `nsr_table_information_NSR_Value_Mar`, nsr_table_information.`NSR_Value_Total` AS `nsr_table_information_NSR_Value_Total`, nsr_table_information.grand_totals AS nsr_table_information_grand_totals, nsr_table_information.planned_volume_for_last_fy AS nsr_table_information_planned_volume_for_last_fy, nsr_table_information.planned_nsr_for_last_fy AS nsr_table_information_planned_nsr_for_last_fy, nsr_table_information.ytd_actual_volume_for_fy AS nsr_table_information_ytd_actual_volume_for_fy, nsr_table_information.ytd_actual_nsr_for_fy AS nsr_table_information_ytd_actual_nsr_for_fy, nsr_table_information.status AS nsr_table_information_status, nsr_table_information.`createdAt` AS `nsr_table_information_createdAt`, nsr_table_information.`updatedAt` AS `nsr_table_information_updatedAt` 
FROM nsr_table_information 
WHERE %s = nsr_table_information.paper_machine_id]
[parameters: (1,)]
(Background on this error at: http://sqlalche.me/e/e3q8)
[2019-09-11 18:29:31,895] {getpostpmmaster.py:41} ERROR - Exception occured
Traceback (most recent call last):
  File "/home/ganesh/my_projects/itc_venv/lib/python3.7/site-packages/sqlalchemy/engine/base.py", line 1249, in _execute_context
    cursor, statement, parameters, context
  File "/home/ganesh/my_projects/itc_venv/lib/python3.7/site-packages/sqlalchemy/engine/default.py", line 552, in do_execute
    cursor.execute(statement, parameters)
  File "/home/ganesh/my_projects/itc_venv/lib/python3.7/site-packages/MySQLdb/cursors.py", line 209, in execute
    res = self._query(query)
  File "/home/ganesh/my_projects/itc_venv/lib/python3.7/site-packages/MySQLdb/cursors.py", line 315, in _query
    db.query(q)
  File "/home/ganesh/my_projects/itc_venv/lib/python3.7/site-packages/MySQLdb/connections.py", line 226, in query
    _mysql.connection.query(self, query)
MySQLdb._exceptions.OperationalError: (1054, "Unknown column 'nsr_table_information.Qty_Apr' in 'field list'")

The above exception was the direct cause of the following exception:

Traceback (most recent call last):
  File "/home/ganesh/my_projects/itc_poc_server/controllers/pmmaster/getpostpmmaster.py", line 31, in get
    data = schema.dump(paper_machine)
  File "/home/ganesh/my_projects/itc_venv/lib/python3.7/site-packages/marshmallow/schema.py", line 539, in dump
    result = self._serialize(processed_obj, many=many)
  File "/home/ganesh/my_projects/itc_venv/lib/python3.7/site-packages/marshmallow/schema.py", line 500, in _serialize
    return [self._serialize(d, many=False) for d in obj]
  File "/home/ganesh/my_projects/itc_venv/lib/python3.7/site-packages/marshmallow/schema.py", line 500, in <listcomp>
    return [self._serialize(d, many=False) for d in obj]
  File "/home/ganesh/my_projects/itc_venv/lib/python3.7/site-packages/marshmallow/schema.py", line 503, in _serialize
    value = field_obj.serialize(attr_name, obj, accessor=self.get_attribute)
  File "/home/ganesh/my_projects/itc_venv/lib/python3.7/site-packages/marshmallow/fields.py", line 301, in serialize
    value = self.get_value(obj, attr, accessor=accessor)
  File "/home/ganesh/my_projects/itc_venv/lib/python3.7/site-packages/marshmallow_sqlalchemy/fields.py", line 26, in get_value
    return super(fields.List, self).get_value(obj, attr, accessor=accessor)
  File "/home/ganesh/my_projects/itc_venv/lib/python3.7/site-packages/marshmallow/fields.py", line 229, in get_value
    return accessor_func(obj, check_key, default)
  File "/home/ganesh/my_projects/itc_venv/lib/python3.7/site-packages/marshmallow/schema.py", line 465, in get_attribute
    return get_value(obj, attr, default)
  File "/home/ganesh/my_projects/itc_venv/lib/python3.7/site-packages/marshmallow/utils.py", line 227, in get_value
    return _get_value_for_key(obj, key, default)
  File "/home/ganesh/my_projects/itc_venv/lib/python3.7/site-packages/marshmallow/utils.py", line 241, in _get_value_for_key
    return getattr(obj, key, default)
  File "/home/ganesh/my_projects/itc_venv/lib/python3.7/site-packages/sqlalchemy/orm/attributes.py", line 282, in __get__
    return self.impl.get(instance_state(instance), dict_)
  File "/home/ganesh/my_projects/itc_venv/lib/python3.7/site-packages/sqlalchemy/orm/attributes.py", line 710, in get
    value = self.callable_(state, passive)
  File "/home/ganesh/my_projects/itc_venv/lib/python3.7/site-packages/sqlalchemy/orm/strategies.py", line 725, in _load_for_state
    session, state, primary_key_identity, passive
  File "<string>", line 1, in <lambda>
  File "/home/ganesh/my_projects/itc_venv/lib/python3.7/site-packages/sqlalchemy/orm/strategies.py", line 867, in _emit_lazyload
    .with_post_criteria(set_default_params)
  File "/home/ganesh/my_projects/itc_venv/lib/python3.7/site-packages/sqlalchemy/ext/baked.py", line 531, in all
    return list(self)
  File "/home/ganesh/my_projects/itc_venv/lib/python3.7/site-packages/sqlalchemy/ext/baked.py", line 434, in __iter__
    return q._execute_and_instances(context)
  File "/home/ganesh/my_projects/itc_venv/lib/python3.7/site-packages/sqlalchemy/orm/query.py", line 3359, in _execute_and_instances
    result = conn.execute(querycontext.statement, self._params)
  File "/home/ganesh/my_projects/itc_venv/lib/python3.7/site-packages/sqlalchemy/engine/base.py", line 988, in execute
    return meth(self, multiparams, params)
  File "/home/ganesh/my_projects/itc_venv/lib/python3.7/site-packages/sqlalchemy/sql/elements.py", line 287, in _execute_on_connection
    return connection._execute_clauseelement(self, multiparams, params)
  File "/home/ganesh/my_projects/itc_venv/lib/python3.7/site-packages/sqlalchemy/engine/base.py", line 1107, in _execute_clauseelement
    distilled_params,
  File "/home/ganesh/my_projects/itc_venv/lib/python3.7/site-packages/sqlalchemy/engine/base.py", line 1253, in _execute_context
    e, statement, parameters, cursor, context
  File "/home/ganesh/my_projects/itc_venv/lib/python3.7/site-packages/sqlalchemy/engine/base.py", line 1473, in _handle_dbapi_exception
    util.raise_from_cause(sqlalchemy_exception, exc_info)
  File "/home/ganesh/my_projects/itc_venv/lib/python3.7/site-packages/sqlalchemy/util/compat.py", line 398, in raise_from_cause
    reraise(type(exception), exception, tb=exc_tb, cause=cause)
  File "/home/ganesh/my_projects/itc_venv/lib/python3.7/site-packages/sqlalchemy/util/compat.py", line 152, in reraise
    raise value.with_traceback(tb)
  File "/home/ganesh/my_projects/itc_venv/lib/python3.7/site-packages/sqlalchemy/engine/base.py", line 1249, in _execute_context
    cursor, statement, parameters, context
  File "/home/ganesh/my_projects/itc_venv/lib/python3.7/site-packages/sqlalchemy/engine/default.py", line 552, in do_execute
    cursor.execute(statement, parameters)
  File "/home/ganesh/my_projects/itc_venv/lib/python3.7/site-packages/MySQLdb/cursors.py", line 209, in execute
    res = self._query(query)
  File "/home/ganesh/my_projects/itc_venv/lib/python3.7/site-packages/MySQLdb/cursors.py", line 315, in _query
    db.query(q)
  File "/home/ganesh/my_projects/itc_venv/lib/python3.7/site-packages/MySQLdb/connections.py", line 226, in query
    _mysql.connection.query(self, query)
sqlalchemy.exc.OperationalError: (MySQLdb._exceptions.OperationalError) (1054, "Unknown column 'nsr_table_information.Qty_Apr' in 'field list'")
[SQL: SELECT nsr_table_information.id AS nsr_table_information_id, nsr_table_information.master_product_id AS nsr_table_information_master_product_id, nsr_table_information.segment_id AS nsr_table_information_segment_id, nsr_table_information.paper_machine_id AS nsr_table_information_paper_machine_id, nsr_table_information.last_fy_nsr_value AS nsr_table_information_last_fy_nsr_value, nsr_table_information.`Qty_Apr` AS `nsr_table_information_Qty_Apr`, nsr_table_information.`Qty_May` AS `nsr_table_information_Qty_May`, nsr_table_information.`Qty_Jun` AS `nsr_table_information_Qty_Jun`, nsr_table_information.`Qty_Jul` AS `nsr_table_information_Qty_Jul`, nsr_table_information.`Qty_Aug` AS `nsr_table_information_Qty_Aug`, nsr_table_information.`Qty_Sep` AS `nsr_table_information_Qty_Sep`, nsr_table_information.`Qty_Oct` AS `nsr_table_information_Qty_Oct`, nsr_table_information.`Qty_Nov` AS `nsr_table_information_Qty_Nov`, nsr_table_information.`Qty_Dec` AS `nsr_table_information_Qty_Dec`, nsr_table_information.`Qty_Jan` AS `nsr_table_information_Qty_Jan`, nsr_table_information.`Qty_Feb` AS `nsr_table_information_Qty_Feb`, nsr_table_information.`Qty_Mar` AS `nsr_table_information_Qty_Mar`, nsr_table_information.`Qty_Total` AS `nsr_table_information_Qty_Total`, nsr_table_information.`NSR_Apr` AS `nsr_table_information_NSR_Apr`, nsr_table_information.`NSR_May` AS `nsr_table_information_NSR_May`, nsr_table_information.`NSR_Jun` AS `nsr_table_information_NSR_Jun`, nsr_table_information.`NSR_Jul` AS `nsr_table_information_NSR_Jul`, nsr_table_information.`NSR_Aug` AS `nsr_table_information_NSR_Aug`, nsr_table_information.`NSR_Sep` AS `nsr_table_information_NSR_Sep`, nsr_table_information.`NSR_Oct` AS `nsr_table_information_NSR_Oct`, nsr_table_information.`NSR_Nov` AS `nsr_table_information_NSR_Nov`, nsr_table_information.`NSR_Dec` AS `nsr_table_information_NSR_Dec`, nsr_table_information.`NSR_Jan` AS `nsr_table_information_NSR_Jan`, nsr_table_information.`NSR_Feb` AS `nsr_table_information_NSR_Feb`, nsr_table_information.`NSR_Mar` AS `nsr_table_information_NSR_Mar`, nsr_table_information.`NSR_Total` AS `nsr_table_information_NSR_Total`, nsr_table_information.`NSR_Value_Apr` AS `nsr_table_information_NSR_Value_Apr`, nsr_table_information.`NSR_Value_May` AS `nsr_table_information_NSR_Value_May`, nsr_table_information.`NSR_Value_Jun` AS `nsr_table_information_NSR_Value_Jun`, nsr_table_information.`NSR_Value_Jul` AS `nsr_table_information_NSR_Value_Jul`, nsr_table_information.`NSR_Value_Aug` AS `nsr_table_information_NSR_Value_Aug`, nsr_table_information.`NSR_Value_Sep` AS `nsr_table_information_NSR_Value_Sep`, nsr_table_information.`NSR_Value_Oct` AS `nsr_table_information_NSR_Value_Oct`, nsr_table_information.`NSR_Value_Nov` AS `nsr_table_information_NSR_Value_Nov`, nsr_table_information.`NSR_Value_Dec` AS `nsr_table_information_NSR_Value_Dec`, nsr_table_information.`NSR_Value_Jan` AS `nsr_table_information_NSR_Value_Jan`, nsr_table_information.`NSR_Value_Feb` AS `nsr_table_information_NSR_Value_Feb`, nsr_table_information.`NSR_Value_Mar` AS `nsr_table_information_NSR_Value_Mar`, nsr_table_information.`NSR_Value_Total` AS `nsr_table_information_NSR_Value_Total`, nsr_table_information.grand_totals AS nsr_table_information_grand_totals, nsr_table_information.planned_volume_for_last_fy AS nsr_table_information_planned_volume_for_last_fy, nsr_table_information.planned_nsr_for_last_fy AS nsr_table_information_planned_nsr_for_last_fy, nsr_table_information.ytd_actual_volume_for_fy AS nsr_table_information_ytd_actual_volume_for_fy, nsr_table_information.ytd_actual_nsr_for_fy AS nsr_table_information_ytd_actual_nsr_for_fy, nsr_table_information.status AS nsr_table_information_status, nsr_table_information.`createdAt` AS `nsr_table_information_createdAt`, nsr_table_information.`updatedAt` AS `nsr_table_information_updatedAt` 
FROM nsr_table_information 
WHERE %s = nsr_table_information.paper_machine_id]
[parameters: (1,)]
(Background on this error at: http://sqlalche.me/e/e3q8)
[2019-09-11 18:35:40,808] {getpostpmmaster.py:35} INFO - No data is available on Paper Machine
[2019-09-11 18:36:38,186] {getpostpmmaster.py:35} INFO - No data is available on Paper Machine
[2019-09-11 18:36:39,591] {getpostpmmaster.py:35} INFO - No data is available on Paper Machine
[2019-09-11 18:37:01,428] {getpostpmmaster.py:35} INFO - No data is available on Paper Machine
[2019-09-11 18:37:16,330] {getpostpmmaster.py:64} INFO - succesfully added data to paper machine
[2019-09-11 18:37:17,073] {getpostpmmaster.py:32} INFO - succesfully fetched the paper machine master data
[2019-09-11 18:37:23,375] {getpostpmmaster.py:64} INFO - succesfully added data to paper machine
[2019-09-11 18:37:24,541] {getpostpmmaster.py:32} INFO - succesfully fetched the paper machine master data
[2019-09-11 18:37:33,125] {getpostpmmaster.py:64} INFO - succesfully added data to paper machine
[2019-09-11 18:37:34,745] {getpostpmmaster.py:32} INFO - succesfully fetched the paper machine master data
[2019-09-11 18:37:40,849] {getpostpmmaster.py:64} INFO - succesfully added data to paper machine
[2019-09-11 18:37:42,876] {getpostpmmaster.py:32} INFO - succesfully fetched the paper machine master data
[2019-09-11 18:37:46,887] {getpostpmmaster.py:32} INFO - succesfully fetched the paper machine master data
[2019-09-11 18:38:07,996] {getpostpmmaster.py:32} INFO - succesfully fetched the paper machine master data
[2019-09-11 18:38:18,957] {getpostpmmaster.py:32} INFO - succesfully fetched the paper machine master data
[2019-09-11 18:38:29,164] {getpostpmmaster.py:32} INFO - succesfully fetched the paper machine master data
[2019-09-11 18:38:39,080] {getpostpmmaster.py:32} INFO - succesfully fetched the paper machine master data
[2019-09-11 18:38:49,729] {getpostpmmaster.py:32} INFO - succesfully fetched the paper machine master data
[2019-09-11 18:40:24,474] {getpostpmmaster.py:32} INFO - succesfully fetched the paper machine master data
[2019-09-11 18:43:39,677] {getpostpmmaster.py:32} INFO - succesfully fetched the paper machine master data
[2019-09-11 18:48:40,521] {getpostpmmaster.py:32} INFO - succesfully fetched the paper machine master data
[2019-09-11 18:48:43,243] {getpostpmmaster.py:32} INFO - succesfully fetched the paper machine master data
[2019-09-11 18:56:56,977] {getpostpmmaster.py:32} INFO - succesfully fetched the paper machine master data
[2019-09-11 18:58:26,895] {getpostpmmaster.py:32} INFO - succesfully fetched the paper machine master data
[2019-09-11 18:59:46,507] {getpostpmmaster.py:32} INFO - succesfully fetched the paper machine master data
[2019-09-11 19:04:14,677] {getpostpmmaster.py:32} INFO - succesfully fetched the paper machine master data
[2019-09-11 19:09:57,915] {getpostpmmaster.py:32} INFO - succesfully fetched the paper machine master data
[2019-09-11 19:10:25,376] {getpostpmmaster.py:32} INFO - succesfully fetched the paper machine master data
[2019-09-11 19:10:32,411] {getpostpmmaster.py:32} INFO - succesfully fetched the paper machine master data
[2019-09-11 19:11:07,280] {getpostpmmaster.py:32} INFO - succesfully fetched the paper machine master data
[2019-09-11 19:11:08,951] {getpostpmmaster.py:32} INFO - succesfully fetched the paper machine master data
[2019-09-11 19:12:09,986] {getpostpmmaster.py:32} INFO - succesfully fetched the paper machine master data
[2019-09-11 19:12:10,396] {getpostpmmaster.py:32} INFO - succesfully fetched the paper machine master data
[2019-09-11 19:12:30,532] {getpostpmmaster.py:32} INFO - succesfully fetched the paper machine master data
[2019-09-11 19:12:32,569] {getpostpmmaster.py:32} INFO - succesfully fetched the paper machine master data
[2019-09-11 19:13:22,539] {getpostpmmaster.py:32} INFO - succesfully fetched the paper machine master data
[2019-09-11 19:13:23,623] {getpostpmmaster.py:32} INFO - succesfully fetched the paper machine master data
[2019-09-11 19:13:46,653] {getpostpmmaster.py:32} INFO - succesfully fetched the paper machine master data
[2019-09-11 19:17:36,254] {getpostpmmaster.py:32} INFO - succesfully fetched the paper machine master data
[2019-09-11 19:19:43,449] {getpostpmmaster.py:32} INFO - succesfully fetched the paper machine master data
[2019-09-11 19:19:44,898] {getpostpmmaster.py:32} INFO - succesfully fetched the paper machine master data
[2019-09-11 19:19:58,070] {getpostpmmaster.py:32} INFO - succesfully fetched the paper machine master data
[2019-09-11 19:22:37,409] {getpostpmmaster.py:32} INFO - succesfully fetched the paper machine master data
[2019-09-11 19:29:13,281] {getpostpmmaster.py:32} INFO - succesfully fetched the paper machine master data
[2019-09-11 19:31:06,151] {getpostpmmaster.py:32} INFO - succesfully fetched the paper machine master data
[2019-09-11 19:32:36,647] {getpostpmmaster.py:32} INFO - succesfully fetched the paper machine master data
[2019-09-11 19:41:51,389] {getpostpmmaster.py:32} INFO - succesfully fetched the paper machine master data
[2019-09-11 19:47:13,118] {getpostpmmaster.py:32} INFO - succesfully fetched the paper machine master data
[2019-09-11 19:47:14,299] {getpostpmmaster.py:32} INFO - succesfully fetched the paper machine master data
[2019-09-11 19:50:09,415] {getpostpmmaster.py:32} INFO - succesfully fetched the paper machine master data
[2019-09-11 19:50:11,074] {getpostpmmaster.py:32} INFO - succesfully fetched the paper machine master data
[2019-09-11 19:53:24,254] {getpostpmmaster.py:32} INFO - succesfully fetched the paper machine master data
[2019-09-11 19:53:26,369] {getpostpmmaster.py:32} INFO - succesfully fetched the paper machine master data
[2019-09-11 19:59:01,697] {getpostpmmaster.py:32} INFO - succesfully fetched the paper machine master data
[2019-09-11 19:59:08,798] {getpostpmmaster.py:32} INFO - succesfully fetched the paper machine master data
[2019-09-11 20:00:01,747] {getpostpmmaster.py:32} INFO - succesfully fetched the paper machine master data
[2019-09-11 20:00:02,238] {getpostpmmaster.py:32} INFO - succesfully fetched the paper machine master data
[2019-09-11 20:02:02,791] {getpostpmmaster.py:32} INFO - succesfully fetched the paper machine master data
[2019-09-11 20:02:02,963] {getpostpmmaster.py:32} INFO - succesfully fetched the paper machine master data
[2019-09-11 20:02:51,584] {getpostpmmaster.py:32} INFO - succesfully fetched the paper machine master data
[2019-09-11 20:02:52,772] {getpostpmmaster.py:32} INFO - succesfully fetched the paper machine master data
[2019-09-11 20:04:49,739] {getpostpmmaster.py:32} INFO - succesfully fetched the paper machine master data
[2019-09-11 20:04:49,756] {getpostpmmaster.py:32} INFO - succesfully fetched the paper machine master data
[2019-09-11 20:12:37,513] {getpostpmmaster.py:32} INFO - succesfully fetched the paper machine master data
[2019-09-11 20:13:23,188] {getpostpmmaster.py:32} INFO - succesfully fetched the paper machine master data
[2019-09-11 20:14:56,345] {getpostpmmaster.py:32} INFO - succesfully fetched the paper machine master data
[2019-09-11 20:22:39,346] {getpostpmmaster.py:32} INFO - succesfully fetched the paper machine master data
[2019-09-11 20:33:17,904] {getpostpmmaster.py:32} INFO - succesfully fetched the paper machine master data
[2019-09-11 20:33:31,335] {getpostpmmaster.py:32} INFO - succesfully fetched the paper machine master data
[2019-09-11 20:33:37,877] {getpostpmmaster.py:32} INFO - succesfully fetched the paper machine master data
[2019-09-12 08:17:40,725] {getpostpmmaster.py:32} INFO - succesfully fetched the paper machine master data
[2019-09-12 08:22:38,420] {getpostpmmaster.py:32} INFO - succesfully fetched the paper machine master data
[2019-09-12 08:22:41,980] {getpostpmmaster.py:32} INFO - succesfully fetched the paper machine master data
[2019-09-12 08:22:47,068] {getpostpmmaster.py:32} INFO - succesfully fetched the paper machine master data
[2019-09-12 08:23:48,168] {getpostpmmaster.py:32} INFO - succesfully fetched the paper machine master data
[2019-09-12 08:23:49,907] {getpostpmmaster.py:32} INFO - succesfully fetched the paper machine master data
[2019-09-12 08:23:52,728] {getpostpmmaster.py:32} INFO - succesfully fetched the paper machine master data
[2019-09-12 08:24:10,797] {getpostpmmaster.py:32} INFO - succesfully fetched the paper machine master data
[2019-09-12 08:24:11,890] {getpostpmmaster.py:32} INFO - succesfully fetched the paper machine master data
[2019-09-12 08:25:56,814] {getpostpmmaster.py:32} INFO - succesfully fetched the paper machine master data
[2019-09-12 08:25:57,921] {getpostpmmaster.py:32} INFO - succesfully fetched the paper machine master data
[2019-09-12 08:28:18,245] {getpostpmmaster.py:32} INFO - succesfully fetched the paper machine master data
[2019-09-12 08:46:16,945] {getpostpmmaster.py:32} INFO - succesfully fetched the paper machine master data
[2019-09-12 08:46:19,472] {getpostpmmaster.py:32} INFO - succesfully fetched the paper machine master data
[2019-09-12 08:47:20,936] {getpostpmmaster.py:32} INFO - succesfully fetched the paper machine master data
[2019-09-12 08:52:39,531] {getpostpmmaster.py:32} INFO - succesfully fetched the paper machine master data
[2019-09-12 08:53:28,464] {getpostpmmaster.py:32} INFO - succesfully fetched the paper machine master data
[2019-09-12 08:54:50,680] {getpostpmmaster.py:32} INFO - succesfully fetched the paper machine master data
[2019-09-12 08:56:07,730] {getpostpmmaster.py:32} INFO - succesfully fetched the paper machine master data
[2019-09-12 08:56:36,854] {getpostpmmaster.py:32} INFO - succesfully fetched the paper machine master data
[2019-09-12 08:59:01,206] {getpostpmmaster.py:32} INFO - succesfully fetched the paper machine master data
[2019-09-12 09:04:45,781] {getpostpmmaster.py:32} INFO - succesfully fetched the paper machine master data
[2019-09-12 09:07:33,179] {getpostpmmaster.py:32} INFO - succesfully fetched the paper machine master data
[2019-09-12 09:07:33,939] {getpostpmmaster.py:32} INFO - succesfully fetched the paper machine master data
[2019-09-12 09:11:19,271] {getpostpmmaster.py:32} INFO - succesfully fetched the paper machine master data
[2019-09-12 09:11:22,978] {getpostpmmaster.py:32} INFO - succesfully fetched the paper machine master data
[2019-09-12 09:15:13,308] {getpostpmmaster.py:32} INFO - succesfully fetched the paper machine master data
[2019-09-12 09:17:32,873] {getpostpmmaster.py:32} INFO - succesfully fetched the paper machine master data
[2019-09-12 09:24:00,372] {getpostpmmaster.py:32} INFO - succesfully fetched the paper machine master data
[2019-09-12 09:24:00,377] {getpostpmmaster.py:32} INFO - succesfully fetched the paper machine master data
[2019-09-12 09:24:55,957] {getpostpmmaster.py:32} INFO - succesfully fetched the paper machine master data
[2019-09-12 09:24:57,741] {getpostpmmaster.py:32} INFO - succesfully fetched the paper machine master data
[2019-09-12 09:25:38,773] {getpostpmmaster.py:32} INFO - succesfully fetched the paper machine master data
[2019-09-17 09:36:31,504] {getpostpmmaster.py:32} INFO - succesfully fetched the paper machine master data
[2019-09-17 09:45:23,460] {getpostpmmaster.py:32} INFO - succesfully fetched the paper machine master data
[2019-09-17 09:46:45,467] {getpostpmmaster.py:32} INFO - succesfully fetched the paper machine master data
[2019-09-17 09:47:12,910] {getpostpmmaster.py:32} INFO - succesfully fetched the paper machine master data
[2019-09-17 09:47:15,683] {getpostpmmaster.py:32} INFO - succesfully fetched the paper machine master data
[2019-09-17 09:47:18,001] {getpostpmmaster.py:32} INFO - succesfully fetched the paper machine master data
[2019-09-17 15:27:20,276] {getpostpmmaster.py:32} INFO - succesfully fetched the paper machine master data
[2019-09-17 15:28:59,140] {getpostpmmaster.py:32} INFO - succesfully fetched the paper machine master data
[2019-09-17 15:38:54,810] {getpostpmmaster.py:32} INFO - succesfully fetched the paper machine master data
[2019-09-17 15:39:33,808] {getpostpmmaster.py:32} INFO - succesfully fetched the paper machine master data
[2019-09-17 15:40:57,381] {getpostpmmaster.py:32} INFO - succesfully fetched the paper machine master data
[2019-09-17 15:52:19,297] {getpostpmmaster.py:32} INFO - succesfully fetched the paper machine master data
[2019-09-17 15:52:55,725] {getpostpmmaster.py:32} INFO - succesfully fetched the paper machine master data
[2019-09-17 15:55:04,155] {getpostpmmaster.py:32} INFO - succesfully fetched the paper machine master data
[2019-09-17 15:55:12,533] {getpostpmmaster.py:32} INFO - succesfully fetched the paper machine master data
[2019-09-17 15:55:14,401] {getpostpmmaster.py:32} INFO - succesfully fetched the paper machine master data
[2019-09-17 15:55:16,784] {getpostpmmaster.py:32} INFO - succesfully fetched the paper machine master data
[2019-09-17 16:04:38,685] {getpostpmmaster.py:32} INFO - succesfully fetched the paper machine master data
[2019-09-17 16:05:40,701] {getpostpmmaster.py:32} INFO - succesfully fetched the paper machine master data
[2019-09-17 16:06:01,098] {getpostpmmaster.py:32} INFO - succesfully fetched the paper machine master data
[2019-09-17 16:22:04,030] {getpostpmmaster.py:32} INFO - succesfully fetched the paper machine master data
[2019-09-17 16:30:27,319] {getpostpmmaster.py:32} INFO - succesfully fetched the paper machine master data
[2019-09-17 16:30:38,675] {getpostpmmaster.py:32} INFO - succesfully fetched the paper machine master data
[2019-09-17 16:30:40,405] {getpostpmmaster.py:32} INFO - succesfully fetched the paper machine master data
[2019-09-17 16:30:42,289] {getpostpmmaster.py:32} INFO - succesfully fetched the paper machine master data
[2019-09-17 17:19:27,386] {getpostpmmaster.py:32} INFO - succesfully fetched the paper machine master data
[2019-09-17 18:54:02,216] {getpostpmmaster.py:32} INFO - succesfully fetched the paper machine master data
[2019-09-17 19:09:58,121] {getpostpmmaster.py:32} INFO - succesfully fetched the paper machine master data
[2019-09-17 19:10:36,183] {getpostpmmaster.py:41} ERROR - Exception occured
Traceback (most recent call last):
  File "/home/ganesh/my_projects/itc_venv/lib/python3.7/site-packages/sqlalchemy/engine/base.py", line 1249, in _execute_context
    cursor, statement, parameters, context
  File "/home/ganesh/my_projects/itc_venv/lib/python3.7/site-packages/sqlalchemy/engine/default.py", line 552, in do_execute
    cursor.execute(statement, parameters)
  File "/home/ganesh/my_projects/itc_venv/lib/python3.7/site-packages/MySQLdb/cursors.py", line 209, in execute
    res = self._query(query)
  File "/home/ganesh/my_projects/itc_venv/lib/python3.7/site-packages/MySQLdb/cursors.py", line 315, in _query
    db.query(q)
  File "/home/ganesh/my_projects/itc_venv/lib/python3.7/site-packages/MySQLdb/connections.py", line 226, in query
    _mysql.connection.query(self, query)
MySQLdb._exceptions.OperationalError: (2013, 'Lost connection to MySQL server during query')

The above exception was the direct cause of the following exception:

Traceback (most recent call last):
  File "/home/ganesh/my_projects/itc_poc_server/controllers/pmmaster/getpostpmmaster.py", line 28, in get
    Paper_Machine_Master.id).all()
  File "/home/ganesh/my_projects/itc_venv/lib/python3.7/site-packages/sqlalchemy/orm/query.py", line 3178, in all
    return list(self)
  File "/home/ganesh/my_projects/itc_venv/lib/python3.7/site-packages/sqlalchemy/orm/query.py", line 3334, in __iter__
    return self._execute_and_instances(context)
  File "/home/ganesh/my_projects/itc_venv/lib/python3.7/site-packages/sqlalchemy/orm/query.py", line 3359, in _execute_and_instances
    result = conn.execute(querycontext.statement, self._params)
  File "/home/ganesh/my_projects/itc_venv/lib/python3.7/site-packages/sqlalchemy/engine/base.py", line 988, in execute
    return meth(self, multiparams, params)
  File "/home/ganesh/my_projects/itc_venv/lib/python3.7/site-packages/sqlalchemy/sql/elements.py", line 287, in _execute_on_connection
    return connection._execute_clauseelement(self, multiparams, params)
  File "/home/ganesh/my_projects/itc_venv/lib/python3.7/site-packages/sqlalchemy/engine/base.py", line 1107, in _execute_clauseelement
    distilled_params,
  File "/home/ganesh/my_projects/itc_venv/lib/python3.7/site-packages/sqlalchemy/engine/base.py", line 1253, in _execute_context
    e, statement, parameters, cursor, context
  File "/home/ganesh/my_projects/itc_venv/lib/python3.7/site-packages/sqlalchemy/engine/base.py", line 1473, in _handle_dbapi_exception
    util.raise_from_cause(sqlalchemy_exception, exc_info)
  File "/home/ganesh/my_projects/itc_venv/lib/python3.7/site-packages/sqlalchemy/util/compat.py", line 398, in raise_from_cause
    reraise(type(exception), exception, tb=exc_tb, cause=cause)
  File "/home/ganesh/my_projects/itc_venv/lib/python3.7/site-packages/sqlalchemy/util/compat.py", line 152, in reraise
    raise value.with_traceback(tb)
  File "/home/ganesh/my_projects/itc_venv/lib/python3.7/site-packages/sqlalchemy/engine/base.py", line 1249, in _execute_context
    cursor, statement, parameters, context
  File "/home/ganesh/my_projects/itc_venv/lib/python3.7/site-packages/sqlalchemy/engine/default.py", line 552, in do_execute
    cursor.execute(statement, parameters)
  File "/home/ganesh/my_projects/itc_venv/lib/python3.7/site-packages/MySQLdb/cursors.py", line 209, in execute
    res = self._query(query)
  File "/home/ganesh/my_projects/itc_venv/lib/python3.7/site-packages/MySQLdb/cursors.py", line 315, in _query
    db.query(q)
  File "/home/ganesh/my_projects/itc_venv/lib/python3.7/site-packages/MySQLdb/connections.py", line 226, in query
    _mysql.connection.query(self, query)
sqlalchemy.exc.OperationalError: (MySQLdb._exceptions.OperationalError) (2013, 'Lost connection to MySQL server during query')
[SQL: SELECT paper_machine_master.id AS paper_machine_master_id, paper_machine_master.paper_machine_code AS paper_machine_master_paper_machine_code, paper_machine_master.paper_machine_name AS paper_machine_master_paper_machine_name, paper_machine_master.reel_percentage AS paper_machine_master_reel_percentage, paper_machine_master.sheet_percentage_iss AS paper_machine_master_sheet_percentage_iss, paper_machine_master.sheet_percentage_oss AS paper_machine_master_sheet_percentage_oss, paper_machine_master.tph AS paper_machine_master_tph, paper_machine_master.machine_hr_by_ton AS paper_machine_master_machine_hr_by_ton, paper_machine_master.c_w_percentage_reel AS paper_machine_master_c_w_percentage_reel, paper_machine_master.c_w_percentage_iss AS paper_machine_master_c_w_percentage_iss, paper_machine_master.c_w_percentage_oss AS paper_machine_master_c_w_percentage_oss, paper_machine_master.fl_percentage_reel AS paper_machine_master_fl_percentage_reel, paper_machine_master.fl_percentage_iss AS paper_machine_master_fl_percentage_iss, paper_machine_master.fl_percentage_oss AS paper_machine_master_fl_percentage_oss, paper_machine_master.replup_percentage AS paper_machine_master_replup_percentage, paper_machine_master.down_time_percentage AS paper_machine_master_down_time_percentage, paper_machine_master.`createdAt` AS `paper_machine_master_createdAt`, paper_machine_master.`updatedAt` AS `paper_machine_master_updatedAt` 
FROM paper_machine_master ORDER BY paper_machine_master.id]
(Background on this error at: http://sqlalche.me/e/e3q8)
[2019-09-17 19:13:01,993] {getpostpmmaster.py:32} INFO - succesfully fetched the paper machine master data
[2019-09-17 19:32:14,363] {getpostpmmaster.py:32} INFO - succesfully fetched the paper machine master data
[2019-09-18 09:38:47,027] {getpostpmmaster.py:32} INFO - succesfully fetched the paper machine master data
[2019-09-18 09:49:22,100] {getpostpmmaster.py:32} INFO - succesfully fetched the paper machine master data
[2019-09-18 10:09:16,480] {getpostpmmaster.py:32} INFO - succesfully fetched the paper machine master data
[2019-09-18 10:10:36,465] {getpostpmmaster.py:32} INFO - succesfully fetched the paper machine master data
[2019-09-18 10:10:58,548] {getpostpmmaster.py:32} INFO - succesfully fetched the paper machine master data
[2019-09-18 10:10:59,916] {getpostpmmaster.py:32} INFO - succesfully fetched the paper machine master data
[2019-09-18 10:11:14,943] {getpostpmmaster.py:32} INFO - succesfully fetched the paper machine master data
[2019-09-18 10:11:17,152] {getpostpmmaster.py:32} INFO - succesfully fetched the paper machine master data
[2019-09-18 10:11:20,746] {getpostpmmaster.py:32} INFO - succesfully fetched the paper machine master data
[2019-09-18 10:18:32,497] {getpostpmmaster.py:32} INFO - succesfully fetched the paper machine master data
[2019-09-18 10:18:33,916] {getpostpmmaster.py:32} INFO - succesfully fetched the paper machine master data
[2019-09-18 10:18:35,377] {getpostpmmaster.py:32} INFO - succesfully fetched the paper machine master data
[2019-09-18 10:20:37,348] {getpostpmmaster.py:32} INFO - succesfully fetched the paper machine master data
[2019-09-18 10:20:39,272] {getpostpmmaster.py:32} INFO - succesfully fetched the paper machine master data
[2019-09-18 10:20:40,272] {getpostpmmaster.py:32} INFO - succesfully fetched the paper machine master data
[2019-09-18 11:46:16,633] {getpostpmmaster.py:32} INFO - succesfully fetched the paper machine master data
[2019-09-18 11:49:41,893] {getpostpmmaster.py:32} INFO - succesfully fetched the paper machine master data
[2019-09-18 11:49:43,034] {getpostpmmaster.py:32} INFO - succesfully fetched the paper machine master data
[2019-09-18 11:49:49,615] {getpostpmmaster.py:32} INFO - succesfully fetched the paper machine master data
[2019-09-18 11:50:22,362] {getpostpmmaster.py:32} INFO - succesfully fetched the paper machine master data
[2019-09-18 11:50:44,753] {getpostpmmaster.py:32} INFO - succesfully fetched the paper machine master data
[2019-09-18 11:50:58,354] {getpostpmmaster.py:32} INFO - succesfully fetched the paper machine master data
[2019-09-18 11:51:09,187] {getpostpmmaster.py:32} INFO - succesfully fetched the paper machine master data
[2019-09-18 11:51:46,169] {getpostpmmaster.py:32} INFO - succesfully fetched the paper machine master data
[2019-09-18 11:53:26,125] {getpostpmmaster.py:32} INFO - succesfully fetched the paper machine master data
[2019-09-18 11:53:26,866] {getpostpmmaster.py:32} INFO - succesfully fetched the paper machine master data
[2019-09-18 11:53:28,097] {getpostpmmaster.py:32} INFO - succesfully fetched the paper machine master data
[2019-09-18 11:53:36,547] {getpostpmmaster.py:32} INFO - succesfully fetched the paper machine master data
[2019-09-18 11:53:48,718] {getpostpmmaster.py:32} INFO - succesfully fetched the paper machine master data
[2019-09-18 11:56:37,115] {getpostpmmaster.py:32} INFO - succesfully fetched the paper machine master data
[2019-09-18 11:56:37,799] {getpostpmmaster.py:32} INFO - succesfully fetched the paper machine master data
[2019-09-18 11:56:38,918] {getpostpmmaster.py:32} INFO - succesfully fetched the paper machine master data
[2019-09-18 11:56:45,421] {getpostpmmaster.py:32} INFO - succesfully fetched the paper machine master data
[2019-09-18 11:57:30,642] {getpostpmmaster.py:32} INFO - succesfully fetched the paper machine master data
[2019-09-18 12:03:13,321] {getpostpmmaster.py:32} INFO - succesfully fetched the paper machine master data
[2019-09-18 12:03:13,757] {getpostpmmaster.py:32} INFO - succesfully fetched the paper machine master data
[2019-09-18 12:03:15,330] {getpostpmmaster.py:32} INFO - succesfully fetched the paper machine master data
[2019-09-18 12:04:06,400] {getpostpmmaster.py:32} INFO - succesfully fetched the paper machine master data
[2019-09-18 12:04:07,251] {getpostpmmaster.py:32} INFO - succesfully fetched the paper machine master data
[2019-09-18 12:04:52,231] {getpostpmmaster.py:32} INFO - succesfully fetched the paper machine master data
[2019-09-18 12:04:53,658] {getpostpmmaster.py:32} INFO - succesfully fetched the paper machine master data
[2019-09-18 12:08:28,137] {getpostpmmaster.py:32} INFO - succesfully fetched the paper machine master data
[2019-09-18 12:08:31,530] {getpostpmmaster.py:32} INFO - succesfully fetched the paper machine master data
[2019-09-18 12:08:43,880] {getpostpmmaster.py:32} INFO - succesfully fetched the paper machine master data
[2019-09-18 12:08:44,298] {getpostpmmaster.py:32} INFO - succesfully fetched the paper machine master data
[2019-09-18 12:10:12,627] {getpostpmmaster.py:32} INFO - succesfully fetched the paper machine master data
[2019-09-18 12:10:21,836] {getpostpmmaster.py:32} INFO - succesfully fetched the paper machine master data
[2019-09-18 12:10:44,319] {getpostpmmaster.py:32} INFO - succesfully fetched the paper machine master data
[2019-09-18 12:13:12,879] {getpostpmmaster.py:32} INFO - succesfully fetched the paper machine master data
[2019-09-18 12:13:30,389] {getpostpmmaster.py:32} INFO - succesfully fetched the paper machine master data
[2019-09-18 12:13:37,988] {getpostpmmaster.py:32} INFO - succesfully fetched the paper machine master data
[2019-09-18 12:14:36,440] {getpostpmmaster.py:32} INFO - succesfully fetched the paper machine master data
[2019-09-18 12:16:27,086] {getpostpmmaster.py:32} INFO - succesfully fetched the paper machine master data
[2019-09-18 12:16:28,552] {getpostpmmaster.py:32} INFO - succesfully fetched the paper machine master data
[2019-09-18 12:19:07,189] {getpostpmmaster.py:32} INFO - succesfully fetched the paper machine master data
[2019-09-18 12:19:11,591] {getpostpmmaster.py:32} INFO - succesfully fetched the paper machine master data
[2019-09-18 12:19:29,115] {getpostpmmaster.py:32} INFO - succesfully fetched the paper machine master data
[2019-09-18 12:19:35,983] {getpostpmmaster.py:32} INFO - succesfully fetched the paper machine master data
[2019-09-18 12:56:21,311] {getpostpmmaster.py:32} INFO - succesfully fetched the paper machine master data
[2019-09-18 12:56:24,425] {getpostpmmaster.py:32} INFO - succesfully fetched the paper machine master data
[2019-09-18 12:58:58,178] {getpostpmmaster.py:32} INFO - succesfully fetched the paper machine master data
[2019-09-18 12:59:01,644] {getpostpmmaster.py:32} INFO - succesfully fetched the paper machine master data
[2019-09-18 13:01:43,932] {getpostpmmaster.py:32} INFO - succesfully fetched the paper machine master data
[2019-09-18 13:01:50,904] {getpostpmmaster.py:32} INFO - succesfully fetched the paper machine master data
[2019-09-18 13:03:20,527] {getpostpmmaster.py:32} INFO - succesfully fetched the paper machine master data
[2019-09-18 13:03:22,912] {getpostpmmaster.py:32} INFO - succesfully fetched the paper machine master data
[2019-09-18 13:05:12,332] {getpostpmmaster.py:32} INFO - succesfully fetched the paper machine master data
[2019-09-18 13:05:14,530] {getpostpmmaster.py:32} INFO - succesfully fetched the paper machine master data
[2019-09-18 13:06:57,931] {getpostpmmaster.py:32} INFO - succesfully fetched the paper machine master data
[2019-09-18 13:07:00,653] {getpostpmmaster.py:32} INFO - succesfully fetched the paper machine master data
[2019-09-18 13:08:47,436] {getpostpmmaster.py:32} INFO - succesfully fetched the paper machine master data
[2019-09-18 13:08:49,374] {getpostpmmaster.py:32} INFO - succesfully fetched the paper machine master data
[2019-09-18 13:11:44,468] {getpostpmmaster.py:32} INFO - succesfully fetched the paper machine master data
[2019-09-18 13:11:47,505] {getpostpmmaster.py:32} INFO - succesfully fetched the paper machine master data
[2019-09-18 13:12:41,437] {getpostpmmaster.py:32} INFO - succesfully fetched the paper machine master data
[2019-09-18 13:12:42,596] {getpostpmmaster.py:32} INFO - succesfully fetched the paper machine master data
[2019-09-25 10:53:29,451] {getpostpmmaster.py:32} INFO - succesfully fetched the paper machine master data
