[2019-09-10 11:10:35,533] {add_time_balancing.py:57} INFO - Time Balancing Details posted succesfully
[2019-09-10 11:10:42,736] {add_time_balancing.py:36} INFO - getting data of Time_Balance details is success
[2019-09-10 11:11:10,229] {add_time_balancing.py:79} INFO - getting data of Time_Balancing details on id is success
[2019-09-10 11:11:36,220] {add_time_balancing.py:101} INFO - data updated successfully based on id 
[2019-09-10 11:11:47,933] {add_time_balancing.py:79} INFO - getting data of Time_Balancing details on id is success
[2019-09-10 11:51:37,696] {add_time_balancing.py:36} INFO - getting data of Time_Balance details is success
[2019-09-10 17:51:01,677] {add_time_balancing.py:36} INFO - getting data of Time_Balance details is success
[2019-09-10 17:57:01,991] {add_time_balancing.py:36} INFO - getting data of Time_Balance details is success
[2019-09-10 17:57:47,718] {add_time_balancing.py:36} INFO - getting data of Time_Balance details is success
[2019-09-10 17:58:36,409] {add_time_balancing.py:36} INFO - getting data of Time_Balance details is success
[2019-09-10 18:03:06,583] {add_time_balancing.py:36} INFO - getting data of Time_Balance details is success
[2019-09-10 18:30:25,105] {add_time_balancing.py:36} INFO - getting data of Time_Balance details is success
[2019-09-10 18:32:31,054] {add_time_balancing.py:36} INFO - getting data of Time_Balance details is success
[2019-09-10 18:34:27,970] {add_time_balancing.py:36} INFO - getting data of Time_Balance details is success
[2019-09-10 18:35:11,448] {add_time_balancing.py:36} INFO - getting data of Time_Balance details is success
[2019-09-10 18:35:39,668] {add_time_balancing.py:36} INFO - getting data of Time_Balance details is success
[2019-09-10 18:39:25,631] {add_time_balancing.py:36} INFO - getting data of Time_Balance details is success
[2019-09-10 18:40:17,748] {add_time_balancing.py:36} INFO - getting data of Time_Balance details is success
[2019-09-10 18:40:46,114] {add_time_balancing.py:36} INFO - getting data of Time_Balance details is success
[2019-09-10 18:41:11,741] {add_time_balancing.py:36} INFO - getting data of Time_Balance details is success
[2019-09-10 18:41:37,657] {add_time_balancing.py:36} INFO - getting data of Time_Balance details is success
[2019-09-10 18:42:22,698] {add_time_balancing.py:36} INFO - getting data of Time_Balance details is success
[2019-09-10 18:43:08,748] {add_time_balancing.py:36} INFO - getting data of Time_Balance details is success
[2019-09-10 18:44:17,767] {add_time_balancing.py:36} INFO - getting data of Time_Balance details is success
[2019-09-10 18:44:33,603] {add_time_balancing.py:36} INFO - getting data of Time_Balance details is success
[2019-09-10 18:45:03,522] {add_time_balancing.py:36} INFO - getting data of Time_Balance details is success
[2019-09-10 18:46:06,650] {add_time_balancing.py:36} INFO - getting data of Time_Balance details is success
[2019-09-10 18:46:23,064] {add_time_balancing.py:36} INFO - getting data of Time_Balance details is success
[2019-09-10 18:46:51,004] {add_time_balancing.py:36} INFO - getting data of Time_Balance details is success
[2019-09-10 18:47:58,450] {add_time_balancing.py:36} INFO - getting data of Time_Balance details is success
[2019-09-10 18:48:54,877] {add_time_balancing.py:36} INFO - getting data of Time_Balance details is success
[2019-09-10 18:49:39,028] {add_time_balancing.py:36} INFO - getting data of Time_Balance details is success
[2019-09-10 18:51:24,600] {add_time_balancing.py:36} INFO - getting data of Time_Balance details is success
[2019-09-10 18:51:35,976] {add_time_balancing.py:36} INFO - getting data of Time_Balance details is success
[2019-09-10 18:56:26,607] {add_time_balancing.py:36} INFO - getting data of Time_Balance details is success
[2019-09-10 18:58:14,584] {add_time_balancing.py:36} INFO - getting data of Time_Balance details is success
[2019-09-10 19:02:14,402] {add_time_balancing.py:36} INFO - getting data of Time_Balance details is success
[2019-09-10 19:02:29,475] {add_time_balancing.py:36} INFO - getting data of Time_Balance details is success
[2019-09-10 19:03:03,588] {add_time_balancing.py:36} INFO - getting data of Time_Balance details is success
[2019-09-10 19:03:20,169] {add_time_balancing.py:36} INFO - getting data of Time_Balance details is success
[2019-09-10 19:03:32,832] {add_time_balancing.py:36} INFO - getting data of Time_Balance details is success
[2019-09-10 19:03:39,248] {add_time_balancing.py:36} INFO - getting data of Time_Balance details is success
[2019-09-10 19:04:11,299] {add_time_balancing.py:36} INFO - getting data of Time_Balance details is success
[2019-09-10 19:04:41,426] {add_time_balancing.py:36} INFO - getting data of Time_Balance details is success
[2019-09-10 19:04:49,697] {add_time_balancing.py:36} INFO - getting data of Time_Balance details is success
[2019-09-10 19:06:14,063] {add_time_balancing.py:36} INFO - getting data of Time_Balance details is success
[2019-09-10 19:06:56,253] {add_time_balancing.py:36} INFO - getting data of Time_Balance details is success
[2019-09-10 19:08:23,480] {add_time_balancing.py:36} INFO - getting data of Time_Balance details is success
[2019-09-10 19:08:58,085] {add_time_balancing.py:36} INFO - getting data of Time_Balance details is success
[2019-09-10 19:09:26,436] {add_time_balancing.py:36} INFO - getting data of Time_Balance details is success
[2019-09-10 19:09:48,400] {add_time_balancing.py:36} INFO - getting data of Time_Balance details is success
[2019-09-10 19:10:15,064] {add_time_balancing.py:36} INFO - getting data of Time_Balance details is success
[2019-09-10 19:12:08,475] {add_time_balancing.py:36} INFO - getting data of Time_Balance details is success
[2019-09-10 19:12:26,235] {add_time_balancing.py:36} INFO - getting data of Time_Balance details is success
[2019-09-10 19:12:53,419] {add_time_balancing.py:36} INFO - getting data of Time_Balance details is success
[2019-09-10 19:13:45,163] {add_time_balancing.py:36} INFO - getting data of Time_Balance details is success
[2019-09-10 19:13:53,964] {add_time_balancing.py:36} INFO - getting data of Time_Balance details is success
[2019-09-10 19:14:10,559] {add_time_balancing.py:36} INFO - getting data of Time_Balance details is success
[2019-09-10 19:14:40,975] {add_time_balancing.py:36} INFO - getting data of Time_Balance details is success
[2019-09-10 19:15:36,655] {add_time_balancing.py:36} INFO - getting data of Time_Balance details is success
[2019-09-10 19:15:47,787] {add_time_balancing.py:36} INFO - getting data of Time_Balance details is success
[2019-09-10 19:16:04,552] {add_time_balancing.py:36} INFO - getting data of Time_Balance details is success
[2019-09-10 19:17:12,100] {add_time_balancing.py:36} INFO - getting data of Time_Balance details is success
[2019-09-10 19:17:23,316] {add_time_balancing.py:36} INFO - getting data of Time_Balance details is success
[2019-09-10 19:17:31,756] {add_time_balancing.py:36} INFO - getting data of Time_Balance details is success
[2019-09-10 19:17:42,662] {add_time_balancing.py:36} INFO - getting data of Time_Balance details is success
[2019-09-10 19:19:09,974] {add_time_balancing.py:36} INFO - getting data of Time_Balance details is success
[2019-09-10 19:20:40,627] {add_time_balancing.py:36} INFO - getting data of Time_Balance details is success
[2019-09-10 19:20:49,502] {add_time_balancing.py:36} INFO - getting data of Time_Balance details is success
[2019-09-10 19:21:21,432] {add_time_balancing.py:36} INFO - getting data of Time_Balance details is success
[2019-09-10 19:21:44,163] {add_time_balancing.py:36} INFO - getting data of Time_Balance details is success
[2019-09-10 19:30:02,271] {add_time_balancing.py:36} INFO - getting data of Time_Balance details is success
[2019-09-10 19:31:36,317] {add_time_balancing.py:36} INFO - getting data of Time_Balance details is success
[2019-09-10 19:32:04,331] {add_time_balancing.py:36} INFO - getting data of Time_Balance details is success
[2019-09-10 19:32:53,569] {add_time_balancing.py:36} INFO - getting data of Time_Balance details is success
[2019-09-10 19:33:17,191] {add_time_balancing.py:36} INFO - getting data of Time_Balance details is success
[2019-09-10 19:34:49,954] {add_time_balancing.py:36} INFO - getting data of Time_Balance details is success
[2019-09-10 19:40:07,975] {add_time_balancing.py:36} INFO - getting data of Time_Balance details is success
[2019-09-10 19:40:16,088] {add_time_balancing.py:36} INFO - getting data of Time_Balance details is success
[2019-09-11 09:22:33,986] {add_time_balancing.py:36} INFO - getting data of Time_Balance details is success
[2019-09-11 09:23:10,481] {add_time_balancing.py:36} INFO - getting data of Time_Balance details is success
[2019-09-11 09:24:35,016] {add_time_balancing.py:36} INFO - getting data of Time_Balance details is success
[2019-09-11 09:24:58,006] {add_time_balancing.py:36} INFO - getting data of Time_Balance details is success
[2019-09-11 09:28:54,029] {add_time_balancing.py:36} INFO - getting data of Time_Balance details is success
[2019-09-11 10:35:55,165] {add_time_balancing.py:36} INFO - getting data of Time_Balance details is success
[2019-09-11 11:00:54,429] {add_time_balancing.py:36} INFO - getting data of Time_Balance details is success
[2019-09-11 11:06:40,531] {add_time_balancing.py:36} INFO - getting data of Time_Balance details is success
[2019-09-11 11:07:11,696] {add_time_balancing.py:36} INFO - getting data of Time_Balance details is success
[2019-09-11 11:08:35,760] {add_time_balancing.py:36} INFO - getting data of Time_Balance details is success
[2019-09-11 11:08:44,373] {add_time_balancing.py:36} INFO - getting data of Time_Balance details is success
[2019-09-11 11:09:15,946] {add_time_balancing.py:36} INFO - getting data of Time_Balance details is success
[2019-09-11 11:28:44,585] {add_time_balancing.py:36} INFO - getting data of Time_Balance details is success
[2019-09-11 11:29:54,649] {add_time_balancing.py:36} INFO - getting data of Time_Balance details is success
[2019-09-11 11:36:37,893] {add_time_balancing.py:36} INFO - getting data of Time_Balance details is success
[2019-09-11 15:23:19,779] {add_time_balancing.py:36} INFO - getting data of Time_Balance details is success
[2019-09-17 12:11:29,775] {add_output_time_balance.py:36} INFO - getting data of Output_Time_Balance details is success
[2019-09-17 12:12:51,954] {add_output_time_balance.py:36} INFO - getting data of Output_Time_Balance details is success
[2019-09-17 12:14:07,837] {add_output_time_balance.py:60} INFO - Output_Time_Balance Details posted succesfully
[2019-09-17 12:14:43,063] {add_output_time_balance.py:60} INFO - Output_Time_Balance Details posted succesfully
[2019-09-17 12:16:03,927] {add_output_time_balance.py:36} INFO - getting data of Output_Time_Balance details is success
[2019-09-17 12:18:47,956] {add_output_time_balance.py:82} INFO - getting data of Output_Time_Balance details on id is success
[2019-09-17 14:33:22,624] {get_data.py:126} ERROR - Exception occured
Traceback (most recent call last):
  File "/home/ganesh/my_projects/itc_poc_server/controllers/output_time_balancing/get_data.py", line 69, in post
    worksheet.wriet('H', 'Master', merge_format)
AttributeError: 'Worksheet' object has no attribute 'wriet'
[2019-09-17 14:33:49,359] {get_data.py:126} ERROR - Exception occured
Traceback (most recent call last):
  File "/home/ganesh/my_projects/itc_venv/lib/python3.7/site-packages/xlsxwriter/worksheet.py", line 63, in cell_wrapper
    int(first_arg)
ValueError: invalid literal for int() with base 10: 'H'

During handling of the above exception, another exception occurred:

Traceback (most recent call last):
  File "/home/ganesh/my_projects/itc_poc_server/controllers/output_time_balancing/get_data.py", line 69, in post
    worksheet.write('H', 'Master', merge_format)
  File "/home/ganesh/my_projects/itc_venv/lib/python3.7/site-packages/xlsxwriter/worksheet.py", line 66, in cell_wrapper
    new_args = xl_cell_to_rowcol(first_arg)
  File "/home/ganesh/my_projects/itc_venv/lib/python3.7/site-packages/xlsxwriter/utility.py", line 121, in xl_cell_to_rowcol
    col_str = match.group(2)
AttributeError: 'NoneType' object has no attribute 'group'
[2019-09-17 15:22:49,337] {get_data.py:137} INFO - succesfully created excel file in required path
[2019-09-17 15:41:01,137] {get_data.py:138} INFO - succesfully created excel file in required path
[2019-09-17 15:41:07,304] {get_data.py:138} INFO - succesfully created excel file in required path
[2019-09-17 15:52:27,884] {get_data.py:138} INFO - succesfully created excel file in required path
[2019-09-17 15:53:04,428] {get_data.py:138} INFO - succesfully created excel file in required path
